[0.200s] DEBUG:colcon:Command line arguments: ['/usr/bin/colcon', 'build', '--packages-select', 'village_wang']
[0.200s] DEBUG:colcon:Parsed command line arguments: Namespace(log_base=None, log_level=None, verb_name='build', build_base='build', install_base='install', merge_install=False, symlink_install=False, test_result_base=None, continue_on_error=False, executor='parallel', parallel_workers=2, event_handlers=None, ignore_user_meta=False, metas=['./colcon.meta'], base_paths=['.'], packages_ignore=None, packages_ignore_regex=None, paths=None, packages_up_to=None, packages_up_to_regex=None, packages_above=None, packages_above_and_dependencies=None, packages_above_depth=None, packages_select_by_dep=None, packages_skip_by_dep=None, packages_skip_up_to=None, packages_select_build_failed=False, packages_skip_build_finished=False, packages_select_test_failures=False, packages_skip_test_passed=False, packages_select=['village_wang'], packages_skip=None, packages_select_regex=None, packages_skip_regex=None, packages_start=None, packages_end=None, allow_overriding=[], cmake_args=None, cmake_target=None, cmake_target_skip_unavailable=False, cmake_clean_cache=False, cmake_clean_first=False, cmake_force_configure=False, ament_cmake_args=None, catkin_cmake_args=None, catkin_skip_building_tests=False, verb_parser=<colcon_defaults.argument_parser.defaults.DefaultArgumentsDecorator object at 0x775c10926b30>, verb_extension=<colcon_core.verb.build.BuildVerb object at 0x775c109266b0>, main=<bound method BuildVerb.main of <colcon_core.verb.build.BuildVerb object at 0x775c109266b0>>)
[0.575s] Level 1:colcon.colcon_core.package_discovery:discover_packages(colcon_meta) check parameters
[0.575s] Level 1:colcon.colcon_core.package_discovery:discover_packages(recursive) check parameters
[0.575s] Level 1:colcon.colcon_core.package_discovery:discover_packages(ignore) check parameters
[0.575s] Level 1:colcon.colcon_core.package_discovery:discover_packages(path) check parameters
[0.575s] Level 1:colcon.colcon_core.package_discovery:discover_packages(colcon_meta) discover
[0.575s] Level 1:colcon.colcon_core.package_discovery:discover_packages(recursive) discover
[0.575s] INFO:colcon.colcon_core.package_discovery:Crawling recursively for packages in '/home/ying/ros2/chatpt2/town_ws/src/village_wang'
[0.575s] Level 1:colcon.colcon_core.package_identification:_identify(.) by extensions ['ignore', 'ignore_ament_install']
[0.575s] Level 1:colcon.colcon_core.package_identification:_identify(.) by extension 'ignore'
[0.575s] Level 1:colcon.colcon_core.package_identification:_identify(.) by extension 'ignore_ament_install'
[0.576s] Level 1:colcon.colcon_core.package_identification:_identify(.) by extensions ['colcon_pkg']
[0.576s] Level 1:colcon.colcon_core.package_identification:_identify(.) by extension 'colcon_pkg'
[0.576s] Level 1:colcon.colcon_core.package_identification:_identify(.) by extensions ['colcon_meta']
[0.576s] Level 1:colcon.colcon_core.package_identification:_identify(.) by extension 'colcon_meta'
[0.576s] Level 1:colcon.colcon_core.package_identification:_identify(.) by extensions ['ros']
[0.576s] Level 1:colcon.colcon_core.package_identification:_identify(.) by extension 'ros'
[0.598s] DEBUG:colcon.colcon_core.package_identification:Package '.' with type 'ros.ament_cmake' and name 'village_wang'
[0.598s] Level 1:colcon.colcon_core.package_discovery:discover_packages(recursive) using defaults
[0.598s] Level 1:colcon.colcon_core.package_discovery:discover_packages(ignore) discover
[0.599s] Level 1:colcon.colcon_core.package_discovery:discover_packages(ignore) using defaults
[0.599s] Level 1:colcon.colcon_core.package_discovery:discover_packages(path) discover
[0.599s] Level 1:colcon.colcon_core.package_discovery:discover_packages(path) using defaults
[0.629s] Level 1:colcon.colcon_core.package_discovery:discover_packages(prefix_path) check parameters
[0.629s] Level 1:colcon.colcon_core.package_discovery:discover_packages(prefix_path) discover
[0.632s] DEBUG:colcon.colcon_installed_package_information.package_discovery:Found 1 installed packages in /home/ying/ros2/chatpt2/town_ws/src/village_wang/install
[0.633s] DEBUG:colcon.colcon_installed_package_information.package_discovery:Found 2 installed packages in /home/ying/ros2/chatpt2/town_ws/install
[0.635s] DEBUG:colcon.colcon_installed_package_information.package_discovery:Found 271 installed packages in /opt/ros/humble
[0.638s] Level 1:colcon.colcon_core.package_discovery:discover_packages(prefix_path) using defaults
[0.716s] Level 5:colcon.colcon_core.verb:set package 'village_wang' build argument 'cmake_args' from command line to 'None'
[0.717s] Level 5:colcon.colcon_core.verb:set package 'village_wang' build argument 'cmake_target' from command line to 'None'
[0.717s] Level 5:colcon.colcon_core.verb:set package 'village_wang' build argument 'cmake_target_skip_unavailable' from command line to 'False'
[0.717s] Level 5:colcon.colcon_core.verb:set package 'village_wang' build argument 'cmake_clean_cache' from command line to 'False'
[0.717s] Level 5:colcon.colcon_core.verb:set package 'village_wang' build argument 'cmake_clean_first' from command line to 'False'
[0.717s] Level 5:colcon.colcon_core.verb:set package 'village_wang' build argument 'cmake_force_configure' from command line to 'False'
[0.717s] Level 5:colcon.colcon_core.verb:set package 'village_wang' build argument 'ament_cmake_args' from command line to 'None'
[0.717s] Level 5:colcon.colcon_core.verb:set package 'village_wang' build argument 'catkin_cmake_args' from command line to 'None'
[0.717s] Level 5:colcon.colcon_core.verb:set package 'village_wang' build argument 'catkin_skip_building_tests' from command line to 'False'
[0.717s] DEBUG:colcon.colcon_core.verb:Building package 'village_wang' with the following arguments: {'ament_cmake_args': None, 'build_base': '/home/ying/ros2/chatpt2/town_ws/src/village_wang/build/village_wang', 'catkin_cmake_args': None, 'catkin_skip_building_tests': False, 'cmake_args': None, 'cmake_clean_cache': False, 'cmake_clean_first': False, 'cmake_force_configure': False, 'cmake_target': None, 'cmake_target_skip_unavailable': False, 'install_base': '/home/ying/ros2/chatpt2/town_ws/src/village_wang/install/village_wang', 'merge_install': False, 'path': '/home/ying/ros2/chatpt2/town_ws/src/village_wang', 'symlink_install': False, 'test_result_base': None}
[0.717s] INFO:colcon.colcon_core.executor:Executing jobs using 'parallel' executor
[0.719s] DEBUG:colcon.colcon_parallel_executor.executor.parallel:run_until_complete
[0.719s] INFO:colcon.colcon_ros.task.ament_cmake.build:Building ROS package in '/home/ying/ros2/chatpt2/town_ws/src/village_wang' with build type 'ament_cmake'
[0.719s] INFO:colcon.colcon_cmake.task.cmake.build:Building CMake package in '/home/ying/ros2/chatpt2/town_ws/src/village_wang'
[0.728s] INFO:colcon.colcon_core.plugin_system:Skipping extension 'colcon_core.shell.bat': Not used on non-Windows systems
[0.728s] INFO:colcon.colcon_core.shell:Skip shell extension 'powershell' for command environment: Not usable outside of PowerShell
[0.728s] DEBUG:colcon.colcon_core.shell:Skip shell extension 'dsv' for command environment
[0.772s] DEBUG:colcon.colcon_core.event_handler.log_command:Invoking command in '/home/ying/ros2/chatpt2/town_ws/src/village_wang/build/village_wang': CMAKE_PREFIX_PATH=${CMAKE_PREFIX_PATH}:/home/ying/ros2/chatpt2/town_ws/install/village_li:/opt/ros/humble /usr/bin/cmake --build /home/ying/ros2/chatpt2/town_ws/src/village_wang/build/village_wang -- -j2 -l2
[2.365s] DEBUG:colcon.colcon_core.event_handler.log_command:Invoked command in '/home/ying/ros2/chatpt2/town_ws/src/village_wang/build/village_wang' returned '2': CMAKE_PREFIX_PATH=${CMAKE_PREFIX_PATH}:/home/ying/ros2/chatpt2/town_ws/install/village_li:/opt/ros/humble /usr/bin/cmake --build /home/ying/ros2/chatpt2/town_ws/src/village_wang/build/village_wang -- -j2 -l2
[2.368s] Level 1:colcon.colcon_core.environment:create_environment_scripts_only(village_wang)
[2.386s] Level 1:colcon.colcon_core.environment:checking '/home/ying/ros2/chatpt2/town_ws/src/village_wang/install/village_wang' for CMake module files
[2.387s] Level 1:colcon.colcon_core.environment:checking '/home/ying/ros2/chatpt2/town_ws/src/village_wang/install/village_wang' for CMake config files
[2.388s] Level 1:colcon.colcon_core.shell:create_environment_hook('village_wang', 'cmake_prefix_path')
[2.388s] INFO:colcon.colcon_core.shell:Creating environment hook '/home/ying/ros2/chatpt2/town_ws/src/village_wang/install/village_wang/share/village_wang/hook/cmake_prefix_path.ps1'
[2.398s] INFO:colcon.colcon_core.shell:Creating environment descriptor '/home/ying/ros2/chatpt2/town_ws/src/village_wang/install/village_wang/share/village_wang/hook/cmake_prefix_path.dsv'
[2.401s] INFO:colcon.colcon_core.shell:Creating environment hook '/home/ying/ros2/chatpt2/town_ws/src/village_wang/install/village_wang/share/village_wang/hook/cmake_prefix_path.sh'
[2.404s] Level 1:colcon.colcon_core.environment:checking '/home/ying/ros2/chatpt2/town_ws/src/village_wang/install/village_wang/lib'
[2.404s] Level 1:colcon.colcon_core.environment:checking '/home/ying/ros2/chatpt2/town_ws/src/village_wang/install/village_wang/bin'
[2.404s] Level 1:colcon.colcon_core.environment:checking '/home/ying/ros2/chatpt2/town_ws/src/village_wang/install/village_wang/lib/pkgconfig/village_wang.pc'
[2.404s] Level 1:colcon.colcon_core.environment:checking '/home/ying/ros2/chatpt2/town_ws/src/village_wang/install/village_wang/lib/python3.10/site-packages'
[2.404s] Level 1:colcon.colcon_core.environment:checking '/home/ying/ros2/chatpt2/town_ws/src/village_wang/install/village_wang/bin'
[2.407s] INFO:colcon.colcon_core.shell:Creating package script '/home/ying/ros2/chatpt2/town_ws/src/village_wang/install/village_wang/share/village_wang/package.ps1'
[2.411s] INFO:colcon.colcon_core.shell:Creating package descriptor '/home/ying/ros2/chatpt2/town_ws/src/village_wang/install/village_wang/share/village_wang/package.dsv'
[2.414s] INFO:colcon.colcon_core.shell:Creating package script '/home/ying/ros2/chatpt2/town_ws/src/village_wang/install/village_wang/share/village_wang/package.sh'
[2.418s] INFO:colcon.colcon_core.shell:Creating package script '/home/ying/ros2/chatpt2/town_ws/src/village_wang/install/village_wang/share/village_wang/package.bash'
[2.423s] INFO:colcon.colcon_core.shell:Creating package script '/home/ying/ros2/chatpt2/town_ws/src/village_wang/install/village_wang/share/village_wang/package.zsh'
[2.429s] Level 1:colcon.colcon_core.environment:create_file_with_runtime_dependencies(/home/ying/ros2/chatpt2/town_ws/src/village_wang/install/village_wang/share/colcon-core/packages/village_wang)
[2.444s] DEBUG:colcon.colcon_parallel_executor.executor.parallel:closing loop
[2.446s] DEBUG:colcon.colcon_parallel_executor.executor.parallel:loop closed
[2.446s] DEBUG:colcon.colcon_parallel_executor.executor.parallel:run_until_complete finished with '2'
[2.446s] DEBUG:colcon.colcon_core.event_reactor:joining thread
[2.463s] INFO:colcon.colcon_core.plugin_system:Skipping extension 'colcon_notification.desktop_notification.terminal_notifier': Not used on non-Darwin systems
[2.463s] INFO:colcon.colcon_core.plugin_system:Skipping extension 'colcon_notification.desktop_notification.win32': Not used on non-Windows systems
[2.463s] INFO:colcon.colcon_notification.desktop_notification:Sending desktop notification using 'notify2'
[2.510s] DEBUG:colcon.colcon_core.event_reactor:joined thread
[2.511s] INFO:colcon.colcon_core.shell:Creating prefix script '/home/ying/ros2/chatpt2/town_ws/src/village_wang/install/local_setup.ps1'
[2.516s] INFO:colcon.colcon_core.shell:Creating prefix util module '/home/ying/ros2/chatpt2/town_ws/src/village_wang/install/_local_setup_util_ps1.py'
[2.522s] INFO:colcon.colcon_core.shell:Creating prefix chain script '/home/ying/ros2/chatpt2/town_ws/src/village_wang/install/setup.ps1'
[2.525s] INFO:colcon.colcon_core.shell:Creating prefix script '/home/ying/ros2/chatpt2/town_ws/src/village_wang/install/local_setup.sh'
[2.527s] INFO:colcon.colcon_core.shell:Creating prefix util module '/home/ying/ros2/chatpt2/town_ws/src/village_wang/install/_local_setup_util_sh.py'
[2.529s] INFO:colcon.colcon_core.shell:Creating prefix chain script '/home/ying/ros2/chatpt2/town_ws/src/village_wang/install/setup.sh'
[2.532s] INFO:colcon.colcon_core.shell:Creating prefix script '/home/ying/ros2/chatpt2/town_ws/src/village_wang/install/local_setup.bash'
[2.534s] INFO:colcon.colcon_core.shell:Creating prefix chain script '/home/ying/ros2/chatpt2/town_ws/src/village_wang/install/setup.bash'
[2.538s] INFO:colcon.colcon_core.shell:Creating prefix script '/home/ying/ros2/chatpt2/town_ws/src/village_wang/install/local_setup.zsh'
[2.540s] INFO:colcon.colcon_core.shell:Creating prefix chain script '/home/ying/ros2/chatpt2/town_ws/src/village_wang/install/setup.zsh'
