[0.021s] Invoking command in '/home/ying/ros2/chatpt2/chapt2_ws/build/example_cpp': CMAKE_PREFIX_PATH=${CMAKE_PREFIX_PATH}:/home/ying/ros2/chatpt2/chapt2_ws/install/example_py:/opt/ros/humble /usr/bin/cmake --build /home/ying/ros2/chatpt2/chapt2_ws/build/example_cpp -- -j2 -l2
[0.064s] -- Found ament_cmake: 1.3.11 (/opt/ros/humble/share/ament_cmake/cmake)
[0.235s] -- Found rclcpp: 16.0.11 (/opt/ros/humble/share/rclcpp/cmake)
[0.289s] -- Found rosidl_generator_c: 3.1.6 (/opt/ros/humble/share/rosidl_generator_c/cmake)
[0.294s] -- Found rosidl_adapter: 3.1.6 (/opt/ros/humble/share/rosidl_adapter/cmake)
[0.306s] -- Found rosidl_generator_cpp: 3.1.6 (/opt/ros/humble/share/rosidl_generator_cpp/cmake)
[0.325s] -- Using all available rosidl_typesupport_c: rosidl_typesupport_fastrtps_c;rosidl_typesupport_introspection_c
[0.345s] -- Using all available rosidl_typesupport_cpp: rosidl_typesupport_fastrtps_cpp;rosidl_typesupport_introspection_cpp
[0.405s] -- Found rmw_implementation_cmake: 6.1.2 (/opt/ros/humble/share/rmw_implementation_cmake/cmake)
[0.410s] -- Found rmw_fastrtps_cpp: 6.2.7 (/opt/ros/humble/share/rmw_fastrtps_cpp/cmake)
[0.551s] -- Using RMW implementation 'rmw_fastrtps_cpp' as default
[0.608s] -- Found ament_lint_auto: 0.12.11 (/opt/ros/humble/share/ament_lint_auto/cmake)
[0.701s] -- Added test 'cppcheck' to perform static code analysis on C / C++ code
[0.701s] -- Configured cppcheck include dirs: 
[0.701s] -- Configured cppcheck exclude dirs and/or files: 
[0.702s] -- Added test 'lint_cmake' to check CMake code style
[0.703s] -- Added test 'uncrustify' to check C / C++ code style
[0.703s] -- Configured uncrustify additional arguments: 
[0.704s] -- Added test 'xmllint' to check XML markup files
[0.706s] -- Configuring done
[0.723s] -- Generating done
[0.735s] -- Build files have been written to: /home/ying/ros2/chatpt2/chapt2_ws/build/example_cpp
[0.780s] [35m[1mConsolidate compiler generated dependencies of target node_01[0m
[0.798s] [ 25%] [32mBuilding CXX object CMakeFiles/node_03.dir/src/node_03.cpp.o[0m
[0.805s] [ 75%] Built target node_01
[4.998s] [100%] [32m[1mLinking CXX executable node_03[0m
[5.187s] [100%] Built target node_03
[5.220s] Invoked command in '/home/ying/ros2/chatpt2/chapt2_ws/build/example_cpp' returned '0': CMAKE_PREFIX_PATH=${CMAKE_PREFIX_PATH}:/home/ying/ros2/chatpt2/chapt2_ws/install/example_py:/opt/ros/humble /usr/bin/cmake --build /home/ying/ros2/chatpt2/chapt2_ws/build/example_cpp -- -j2 -l2
[5.240s] Invoking command in '/home/ying/ros2/chatpt2/chapt2_ws/build/example_cpp': CMAKE_PREFIX_PATH=${CMAKE_PREFIX_PATH}:/home/ying/ros2/chatpt2/chapt2_ws/install/example_py:/opt/ros/humble /usr/bin/cmake --install /home/ying/ros2/chatpt2/chapt2_ws/build/example_cpp
[5.252s] -- Install configuration: ""
[5.252s] -- Up-to-date: /home/ying/ros2/chatpt2/chapt2_ws/install/example_cpp/share/ament_index/resource_index/package_run_dependencies/example_cpp
[5.253s] -- Installing: /home/ying/ros2/chatpt2/chapt2_ws/install/example_cpp/share/ament_index/resource_index/parent_prefix_path/example_cpp
[5.255s] -- Up-to-date: /home/ying/ros2/chatpt2/chapt2_ws/install/example_cpp/share/example_cpp/environment/ament_prefix_path.sh
[5.255s] -- Installing: /home/ying/ros2/chatpt2/chapt2_ws/install/example_cpp/share/example_cpp/environment/ament_prefix_path.dsv
[5.255s] -- Up-to-date: /home/ying/ros2/chatpt2/chapt2_ws/install/example_cpp/share/example_cpp/environment/path.sh
[5.255s] -- Installing: /home/ying/ros2/chatpt2/chapt2_ws/install/example_cpp/share/example_cpp/environment/path.dsv
[5.255s] -- Up-to-date: /home/ying/ros2/chatpt2/chapt2_ws/install/example_cpp/share/example_cpp/local_setup.bash
[5.256s] -- Up-to-date: /home/ying/ros2/chatpt2/chapt2_ws/install/example_cpp/share/example_cpp/local_setup.sh
[5.256s] -- Up-to-date: /home/ying/ros2/chatpt2/chapt2_ws/install/example_cpp/share/example_cpp/local_setup.zsh
[5.256s] -- Installing: /home/ying/ros2/chatpt2/chapt2_ws/install/example_cpp/share/example_cpp/local_setup.dsv
[5.256s] -- Installing: /home/ying/ros2/chatpt2/chapt2_ws/install/example_cpp/share/example_cpp/package.dsv
[5.256s] -- Up-to-date: /home/ying/ros2/chatpt2/chapt2_ws/install/example_cpp/share/ament_index/resource_index/packages/example_cpp
[5.256s] -- Up-to-date: /home/ying/ros2/chatpt2/chapt2_ws/install/example_cpp/share/example_cpp/cmake/example_cppConfig.cmake
[5.256s] -- Up-to-date: /home/ying/ros2/chatpt2/chapt2_ws/install/example_cpp/share/example_cpp/cmake/example_cppConfig-version.cmake
[5.256s] -- Up-to-date: /home/ying/ros2/chatpt2/chapt2_ws/install/example_cpp/share/example_cpp/package.xml
[5.256s] -- Up-to-date: /home/ying/ros2/chatpt2/chapt2_ws/install/example_cpp/lib/example_cpp/node_01
[5.258s] -- Installing: /home/ying/ros2/chatpt2/chapt2_ws/install/example_cpp/lib/example_cpp/node_03
[5.258s] -- Set runtime path of "/home/ying/ros2/chatpt2/chapt2_ws/install/example_cpp/lib/example_cpp/node_03" to ""
[5.261s] Invoked command in '/home/ying/ros2/chatpt2/chapt2_ws/build/example_cpp' returned '0': CMAKE_PREFIX_PATH=${CMAKE_PREFIX_PATH}:/home/ying/ros2/chatpt2/chapt2_ws/install/example_py:/opt/ros/humble /usr/bin/cmake --install /home/ying/ros2/chatpt2/chapt2_ws/build/example_cpp
