[0.024s] Invoking command in '/home/ying/d2lros2/chapt3/chapt3_ws/src/build/example_topic_rclcpp': CMAKE_PREFIX_PATH=${CMAKE_PREFIX_PATH}:/home/ying/ros2/chatpt2/town_ws/install/village_li:/home/ying/ros2/chatpt2/town_ws/src/install/village_li:/opt/ros/humble /usr/bin/cmake /home/ying/d2lros2/chapt3/chapt3_ws/src/example_topic_rclcpp -DCMAKE_INSTALL_PREFIX=/home/ying/d2lros2/chapt3/chapt3_ws/src/install/example_topic_rclcpp
[0.349s] -- The C compiler identification is GNU 11.4.0
[0.510s] -- The CXX compiler identification is GNU 11.4.0
[0.535s] -- Detecting C compiler ABI info
[0.664s] -- Detecting C compiler ABI info - done
[0.672s] -- Check for working C compiler: /usr/bin/cc - skipped
[0.675s] -- Detecting C compile features
[0.677s] -- Detecting C compile features - done
[0.687s] -- Detecting CXX compiler ABI info
[0.812s] -- Detecting CXX compiler ABI info - done
[0.821s] -- Check for working CXX compiler: /usr/bin/c++ - skipped
[0.821s] -- Detecting CXX compile features
[0.822s] -- Detecting CXX compile features - done
[0.854s] -- Found ament_cmake: 1.3.11 (/opt/ros/humble/share/ament_cmake/cmake)
[1.066s] -- Found Python3: /usr/bin/python3 (found version "3.10.12") found components: Interpreter 
[1.244s] -- Found rclcpp: 16.0.11 (/opt/ros/humble/share/rclcpp/cmake)
[1.372s] -- Found rosidl_generator_c: 3.1.6 (/opt/ros/humble/share/rosidl_generator_c/cmake)
[1.385s] -- Found rosidl_adapter: 3.1.6 (/opt/ros/humble/share/rosidl_adapter/cmake)
[1.408s] -- Found rosidl_generator_cpp: 3.1.6 (/opt/ros/humble/share/rosidl_generator_cpp/cmake)
[1.445s] -- Using all available rosidl_typesupport_c: rosidl_typesupport_fastrtps_c;rosidl_typesupport_introspection_c
[1.483s] -- Using all available rosidl_typesupport_cpp: rosidl_typesupport_fastrtps_cpp;rosidl_typesupport_introspection_cpp
[1.585s] -- Found rmw_implementation_cmake: 6.1.2 (/opt/ros/humble/share/rmw_implementation_cmake/cmake)
[1.593s] -- Found rmw_fastrtps_cpp: 6.2.7 (/opt/ros/humble/share/rmw_fastrtps_cpp/cmake)
[1.771s] -- Found OpenSSL: /usr/lib/x86_64-linux-gnu/libcrypto.so (found version "3.0.2")  
[1.804s] -- Found FastRTPS: /opt/ros/humble/include  
[1.855s] -- Using RMW implementation 'rmw_fastrtps_cpp' as default
[1.876s] -- Looking for pthread.h
[2.023s] -- Looking for pthread.h - found
[2.023s] -- Performing Test CMAKE_HAVE_LIBC_PTHREAD
[2.204s] -- Performing Test CMAKE_HAVE_LIBC_PTHREAD - Success
[2.204s] -- Found Threads: TRUE  
[2.365s] -- Found ament_lint_auto: 0.12.11 (/opt/ros/humble/share/ament_lint_auto/cmake)
[2.520s] -- Added test 'cppcheck' to perform static code analysis on C / C++ code
[2.520s] -- Configured cppcheck include dirs: 
[2.521s] -- Configured cppcheck exclude dirs and/or files: 
[2.524s] -- Added test 'lint_cmake' to check CMake code style
[2.525s] -- Added test 'uncrustify' to check C / C++ code style
[2.526s] -- Configured uncrustify additional arguments: 
[2.527s] -- Added test 'xmllint' to check XML markup files
[2.539s] -- Configuring done
[2.553s] -- Generating done
[2.564s] -- Build files have been written to: /home/ying/d2lros2/chapt3/chapt3_ws/src/build/example_topic_rclcpp
[2.582s] Invoked command in '/home/ying/d2lros2/chapt3/chapt3_ws/src/build/example_topic_rclcpp' returned '0': CMAKE_PREFIX_PATH=${CMAKE_PREFIX_PATH}:/home/ying/ros2/chatpt2/town_ws/install/village_li:/home/ying/ros2/chatpt2/town_ws/src/install/village_li:/opt/ros/humble /usr/bin/cmake /home/ying/d2lros2/chapt3/chapt3_ws/src/example_topic_rclcpp -DCMAKE_INSTALL_PREFIX=/home/ying/d2lros2/chapt3/chapt3_ws/src/install/example_topic_rclcpp
[2.583s] Invoking command in '/home/ying/d2lros2/chapt3/chapt3_ws/src/build/example_topic_rclcpp': CMAKE_PREFIX_PATH=${CMAKE_PREFIX_PATH}:/home/ying/ros2/chatpt2/town_ws/install/village_li:/home/ying/ros2/chatpt2/town_ws/src/install/village_li:/opt/ros/humble /usr/bin/cmake --build /home/ying/d2lros2/chapt3/chapt3_ws/src/build/example_topic_rclcpp -- -j2 -l2
[2.700s] [ 50%] [32mBuilding CXX object CMakeFiles/topic_publisher_01.dir/src/topic_publisher_01.cpp.o[0m
[7.988s] [100%] [32m[1mLinking CXX executable topic_publisher_01[0m
[8.278s] [100%] Built target topic_publisher_01
[8.295s] Invoked command in '/home/ying/d2lros2/chapt3/chapt3_ws/src/build/example_topic_rclcpp' returned '0': CMAKE_PREFIX_PATH=${CMAKE_PREFIX_PATH}:/home/ying/ros2/chatpt2/town_ws/install/village_li:/home/ying/ros2/chatpt2/town_ws/src/install/village_li:/opt/ros/humble /usr/bin/cmake --build /home/ying/d2lros2/chapt3/chapt3_ws/src/build/example_topic_rclcpp -- -j2 -l2
[8.309s] Invoking command in '/home/ying/d2lros2/chapt3/chapt3_ws/src/build/example_topic_rclcpp': CMAKE_PREFIX_PATH=${CMAKE_PREFIX_PATH}:/home/ying/ros2/chatpt2/town_ws/install/village_li:/home/ying/ros2/chatpt2/town_ws/src/install/village_li:/opt/ros/humble /usr/bin/cmake --install /home/ying/d2lros2/chapt3/chapt3_ws/src/build/example_topic_rclcpp
[8.320s] -- Install configuration: ""
[8.320s] -- Installing: /home/ying/d2lros2/chapt3/chapt3_ws/src/install/example_topic_rclcpp/share/ament_index/resource_index/package_run_dependencies/example_topic_rclcpp
[8.320s] -- Installing: /home/ying/d2lros2/chapt3/chapt3_ws/src/install/example_topic_rclcpp/share/ament_index/resource_index/parent_prefix_path/example_topic_rclcpp
[8.320s] -- Installing: /home/ying/d2lros2/chapt3/chapt3_ws/src/install/example_topic_rclcpp/share/example_topic_rclcpp/environment/ament_prefix_path.sh
[8.320s] -- Installing: /home/ying/d2lros2/chapt3/chapt3_ws/src/install/example_topic_rclcpp/share/example_topic_rclcpp/environment/ament_prefix_path.dsv
[8.321s] -- Installing: /home/ying/d2lros2/chapt3/chapt3_ws/src/install/example_topic_rclcpp/share/example_topic_rclcpp/environment/path.sh
[8.321s] -- Installing: /home/ying/d2lros2/chapt3/chapt3_ws/src/install/example_topic_rclcpp/share/example_topic_rclcpp/environment/path.dsv
[8.321s] -- Installing: /home/ying/d2lros2/chapt3/chapt3_ws/src/install/example_topic_rclcpp/share/example_topic_rclcpp/local_setup.bash
[8.321s] -- Installing: /home/ying/d2lros2/chapt3/chapt3_ws/src/install/example_topic_rclcpp/share/example_topic_rclcpp/local_setup.sh
[8.321s] -- Installing: /home/ying/d2lros2/chapt3/chapt3_ws/src/install/example_topic_rclcpp/share/example_topic_rclcpp/local_setup.zsh
[8.322s] -- Installing: /home/ying/d2lros2/chapt3/chapt3_ws/src/install/example_topic_rclcpp/share/example_topic_rclcpp/local_setup.dsv
[8.322s] -- Installing: /home/ying/d2lros2/chapt3/chapt3_ws/src/install/example_topic_rclcpp/share/example_topic_rclcpp/package.dsv
[8.322s] -- Installing: /home/ying/d2lros2/chapt3/chapt3_ws/src/install/example_topic_rclcpp/share/ament_index/resource_index/packages/example_topic_rclcpp
[8.322s] -- Installing: /home/ying/d2lros2/chapt3/chapt3_ws/src/install/example_topic_rclcpp/share/example_topic_rclcpp/cmake/example_topic_rclcppConfig.cmake
[8.323s] -- Installing: /home/ying/d2lros2/chapt3/chapt3_ws/src/install/example_topic_rclcpp/share/example_topic_rclcpp/cmake/example_topic_rclcppConfig-version.cmake
[8.323s] -- Installing: /home/ying/d2lros2/chapt3/chapt3_ws/src/install/example_topic_rclcpp/share/example_topic_rclcpp/package.xml
[8.323s] -- Installing: /home/ying/d2lros2/chapt3/chapt3_ws/src/install/example_topic_rclcpp/lib/example_topic_rclcpp/topic_publisher_01
[8.324s] -- Set runtime path of "/home/ying/d2lros2/chapt3/chapt3_ws/src/install/example_topic_rclcpp/lib/example_topic_rclcpp/topic_publisher_01" to ""
[8.327s] Invoked command in '/home/ying/d2lros2/chapt3/chapt3_ws/src/build/example_topic_rclcpp' returned '0': CMAKE_PREFIX_PATH=${CMAKE_PREFIX_PATH}:/home/ying/ros2/chatpt2/town_ws/install/village_li:/home/ying/ros2/chatpt2/town_ws/src/install/village_li:/opt/ros/humble /usr/bin/cmake --install /home/ying/d2lros2/chapt3/chapt3_ws/src/build/example_topic_rclcpp
