[0.025s] Invoking command in '/home/ying/ros2/chatpt2/chapt2_ws/build/example_cpp': CMAKE_PREFIX_PATH=/opt/ros/humble /usr/bin/cmake /home/ying/ros2/chatpt2/chapt2_ws/src/example_cpp -DCMAKE_INSTALL_PREFIX=/home/ying/ros2/chatpt2/chapt2_ws/install/example_cpp
[0.421s] -- The C compiler identification is GNU 11.4.0
[0.565s] -- The CXX compiler identification is GNU 11.4.0
[0.591s] -- Detecting C compiler ABI info
[0.868s] -- Detecting C compiler ABI info - done
[0.878s] -- Check for working C compiler: /usr/bin/cc - skipped
[0.881s] -- Detecting C compile features
[0.882s] -- Detecting C compile features - done
[0.890s] -- Detecting CXX compiler ABI info
[1.048s] -- Detecting CXX compiler ABI info - done
[1.057s] -- Check for working CXX compiler: /usr/bin/c++ - skipped
[1.058s] -- Detecting CXX compile features
[1.060s] -- Detecting CXX compile features - done
[1.101s] -- Found ament_cmake: 1.3.11 (/opt/ros/humble/share/ament_cmake/cmake)
[1.422s] -- Found Python3: /usr/bin/python3 (found version "3.10.12") found components: Interpreter 
[1.711s] -- Found rclcpp: 16.0.11 (/opt/ros/humble/share/rclcpp/cmake)
[1.916s] -- Found rosidl_generator_c: 3.1.6 (/opt/ros/humble/share/rosidl_generator_c/cmake)
[1.937s] -- Found rosidl_adapter: 3.1.6 (/opt/ros/humble/share/rosidl_adapter/cmake)
[1.956s] -- Found rosidl_generator_cpp: 3.1.6 (/opt/ros/humble/share/rosidl_generator_cpp/cmake)
[1.994s] -- Using all available rosidl_typesupport_c: rosidl_typesupport_fastrtps_c;rosidl_typesupport_introspection_c
[2.049s] -- Using all available rosidl_typesupport_cpp: rosidl_typesupport_fastrtps_cpp;rosidl_typesupport_introspection_cpp
[2.198s] -- Found rmw_implementation_cmake: 6.1.2 (/opt/ros/humble/share/rmw_implementation_cmake/cmake)
[2.206s] -- Found rmw_fastrtps_cpp: 6.2.7 (/opt/ros/humble/share/rmw_fastrtps_cpp/cmake)
[2.448s] -- Found OpenSSL: /usr/lib/x86_64-linux-gnu/libcrypto.so (found version "3.0.2")  
[2.487s] -- Found FastRTPS: /opt/ros/humble/include  
[2.549s] -- Using RMW implementation 'rmw_fastrtps_cpp' as default
[2.569s] -- Looking for pthread.h
[2.741s] -- Looking for pthread.h - found
[2.741s] -- Performing Test CMAKE_HAVE_LIBC_PTHREAD
[2.902s] -- Performing Test CMAKE_HAVE_LIBC_PTHREAD - Success
[2.903s] -- Found Threads: TRUE  
[3.135s] -- Found ament_lint_auto: 0.12.11 (/opt/ros/humble/share/ament_lint_auto/cmake)
[3.365s] -- Added test 'cppcheck' to perform static code analysis on C / C++ code
[3.366s] -- Configured cppcheck include dirs: 
[3.366s] -- Configured cppcheck exclude dirs and/or files: 
[3.367s] -- Added test 'lint_cmake' to check CMake code style
[3.372s] -- Added test 'uncrustify' to check C / C++ code style
[3.372s] -- Configured uncrustify additional arguments: 
[3.372s] -- Added test 'xmllint' to check XML markup files
[3.379s] -- Configuring done
[3.390s] -- Generating done
[3.399s] -- Build files have been written to: /home/ying/ros2/chatpt2/chapt2_ws/build/example_cpp
[3.412s] Invoked command in '/home/ying/ros2/chatpt2/chapt2_ws/build/example_cpp' returned '0': CMAKE_PREFIX_PATH=/opt/ros/humble /usr/bin/cmake /home/ying/ros2/chatpt2/chapt2_ws/src/example_cpp -DCMAKE_INSTALL_PREFIX=/home/ying/ros2/chatpt2/chapt2_ws/install/example_cpp
[3.413s] Invoking command in '/home/ying/ros2/chatpt2/chapt2_ws/build/example_cpp': CMAKE_PREFIX_PATH=/opt/ros/humble /usr/bin/cmake --build /home/ying/ros2/chatpt2/chapt2_ws/build/example_cpp -- -j2 -l2
[3.508s] [ 50%] [32mBuilding CXX object CMakeFiles/node_01.dir/src/node_01.cpp.o[0m
[8.188s] [100%] [32m[1mLinking CXX executable node_01[0m
[8.409s] [100%] Built target node_01
[8.429s] Invoked command in '/home/ying/ros2/chatpt2/chapt2_ws/build/example_cpp' returned '0': CMAKE_PREFIX_PATH=/opt/ros/humble /usr/bin/cmake --build /home/ying/ros2/chatpt2/chapt2_ws/build/example_cpp -- -j2 -l2
[8.447s] Invoking command in '/home/ying/ros2/chatpt2/chapt2_ws/build/example_cpp': CMAKE_PREFIX_PATH=/opt/ros/humble /usr/bin/cmake --install /home/ying/ros2/chatpt2/chapt2_ws/build/example_cpp
[8.462s] -- Install configuration: ""
[8.463s] -- Installing: /home/ying/ros2/chatpt2/chapt2_ws/install/example_cpp/share/ament_index/resource_index/package_run_dependencies/example_cpp
[8.464s] -- Installing: /home/ying/ros2/chatpt2/chapt2_ws/install/example_cpp/share/ament_index/resource_index/parent_prefix_path/example_cpp
[8.464s] -- Installing: /home/ying/ros2/chatpt2/chapt2_ws/install/example_cpp/share/example_cpp/environment/ament_prefix_path.sh
[8.465s] -- Installing: /home/ying/ros2/chatpt2/chapt2_ws/install/example_cpp/share/example_cpp/environment/ament_prefix_path.dsv
[8.465s] -- Installing: /home/ying/ros2/chatpt2/chapt2_ws/install/example_cpp/share/example_cpp/environment/path.sh
[8.467s] -- Installing: /home/ying/ros2/chatpt2/chapt2_ws/install/example_cpp/share/example_cpp/environment/path.dsv
[8.467s] -- Installing: /home/ying/ros2/chatpt2/chapt2_ws/install/example_cpp/share/example_cpp/local_setup.bash
[8.468s] -- Installing: /home/ying/ros2/chatpt2/chapt2_ws/install/example_cpp/share/example_cpp/local_setup.sh
[8.470s] -- Installing: /home/ying/ros2/chatpt2/chapt2_ws/install/example_cpp/share/example_cpp/local_setup.zsh
[8.470s] -- Installing: /home/ying/ros2/chatpt2/chapt2_ws/install/example_cpp/share/example_cpp/local_setup.dsv
[8.470s] -- Installing: /home/ying/ros2/chatpt2/chapt2_ws/install/example_cpp/share/example_cpp/package.dsv
[8.470s] -- Installing: /home/ying/ros2/chatpt2/chapt2_ws/install/example_cpp/share/ament_index/resource_index/packages/example_cpp
[8.470s] -- Installing: /home/ying/ros2/chatpt2/chapt2_ws/install/example_cpp/share/example_cpp/cmake/example_cppConfig.cmake
[8.470s] -- Installing: /home/ying/ros2/chatpt2/chapt2_ws/install/example_cpp/share/example_cpp/cmake/example_cppConfig-version.cmake
[8.470s] -- Installing: /home/ying/ros2/chatpt2/chapt2_ws/install/example_cpp/share/example_cpp/package.xml
[8.471s] -- Installing: /home/ying/ros2/chatpt2/chapt2_ws/install/example_cpp/lib/example_cpp/node_01
[8.471s] -- Set runtime path of "/home/ying/ros2/chatpt2/chapt2_ws/install/example_cpp/lib/example_cpp/node_01" to ""
[8.474s] Invoked command in '/home/ying/ros2/chatpt2/chapt2_ws/build/example_cpp' returned '0': CMAKE_PREFIX_PATH=/opt/ros/humble /usr/bin/cmake --install /home/ying/ros2/chatpt2/chapt2_ws/build/example_cpp
