[0.566s] DEBUG:colcon:Command line arguments: ['/usr/bin/colcon', 'build', '--packages-select', 'example_topic_rclcpp']
[0.566s] DEBUG:colcon:Parsed command line arguments: Namespace(log_base=None, log_level=None, verb_name='build', build_base='build', install_base='install', merge_install=False, symlink_install=False, test_result_base=None, continue_on_error=False, executor='parallel', parallel_workers=2, event_handlers=None, ignore_user_meta=False, metas=['./colcon.meta'], base_paths=['.'], packages_ignore=None, packages_ignore_regex=None, paths=None, packages_up_to=None, packages_up_to_regex=None, packages_above=None, packages_above_and_dependencies=None, packages_above_depth=None, packages_select_by_dep=None, packages_skip_by_dep=None, packages_skip_up_to=None, packages_select_build_failed=False, packages_skip_build_finished=False, packages_select_test_failures=False, packages_skip_test_passed=False, packages_select=['example_topic_rclcpp'], packages_skip=None, packages_select_regex=None, packages_skip_regex=None, packages_start=None, packages_end=None, allow_overriding=[], cmake_args=None, cmake_target=None, cmake_target_skip_unavailable=False, cmake_clean_cache=False, cmake_clean_first=False, cmake_force_configure=False, ament_cmake_args=None, catkin_cmake_args=None, catkin_skip_building_tests=False, verb_parser=<colcon_defaults.argument_parser.defaults.DefaultArgumentsDecorator object at 0x7754e61aee90>, verb_extension=<colcon_core.verb.build.BuildVerb object at 0x7754e61aea10>, main=<bound method BuildVerb.main of <colcon_core.verb.build.BuildVerb object at 0x7754e61aea10>>)
[1.007s] Level 1:colcon.colcon_core.package_discovery:discover_packages(colcon_meta) check parameters
[1.008s] Level 1:colcon.colcon_core.package_discovery:discover_packages(recursive) check parameters
[1.008s] Level 1:colcon.colcon_core.package_discovery:discover_packages(ignore) check parameters
[1.008s] Level 1:colcon.colcon_core.package_discovery:discover_packages(path) check parameters
[1.008s] Level 1:colcon.colcon_core.package_discovery:discover_packages(colcon_meta) discover
[1.008s] Level 1:colcon.colcon_core.package_discovery:discover_packages(recursive) discover
[1.008s] INFO:colcon.colcon_core.package_discovery:Crawling recursively for packages in '/home/ying/d2lros2/chapt3/chapt3_ws/src'
[1.008s] Level 1:colcon.colcon_core.package_identification:_identify(.) by extensions ['ignore', 'ignore_ament_install']
[1.008s] Level 1:colcon.colcon_core.package_identification:_identify(.) by extension 'ignore'
[1.008s] Level 1:colcon.colcon_core.package_identification:_identify(.) by extension 'ignore_ament_install'
[1.008s] Level 1:colcon.colcon_core.package_identification:_identify(.) by extensions ['colcon_pkg']
[1.008s] Level 1:colcon.colcon_core.package_identification:_identify(.) by extension 'colcon_pkg'
[1.008s] Level 1:colcon.colcon_core.package_identification:_identify(.) by extensions ['colcon_meta']
[1.008s] Level 1:colcon.colcon_core.package_identification:_identify(.) by extension 'colcon_meta'
[1.008s] Level 1:colcon.colcon_core.package_identification:_identify(.) by extensions ['ros']
[1.008s] Level 1:colcon.colcon_core.package_identification:_identify(.) by extension 'ros'
[1.026s] Level 1:colcon.colcon_core.package_identification:_identify(.) by extensions ['cmake', 'python']
[1.027s] Level 1:colcon.colcon_core.package_identification:_identify(.) by extension 'cmake'
[1.027s] Level 1:colcon.colcon_core.package_identification:_identify(.) by extension 'python'
[1.027s] Level 1:colcon.colcon_core.package_identification:_identify(.) by extensions ['python_setup_py']
[1.027s] Level 1:colcon.colcon_core.package_identification:_identify(.) by extension 'python_setup_py'
[1.027s] Level 1:colcon.colcon_core.package_identification:_identify(build) by extensions ['ignore', 'ignore_ament_install']
[1.027s] Level 1:colcon.colcon_core.package_identification:_identify(build) by extension 'ignore'
[1.027s] Level 1:colcon.colcon_core.package_identification:_identify(build) ignored
[1.027s] Level 1:colcon.colcon_core.package_identification:_identify(example_topic_rclcpp) by extensions ['ignore', 'ignore_ament_install']
[1.027s] Level 1:colcon.colcon_core.package_identification:_identify(example_topic_rclcpp) by extension 'ignore'
[1.027s] Level 1:colcon.colcon_core.package_identification:_identify(example_topic_rclcpp) by extension 'ignore_ament_install'
[1.027s] Level 1:colcon.colcon_core.package_identification:_identify(example_topic_rclcpp) by extensions ['colcon_pkg']
[1.028s] Level 1:colcon.colcon_core.package_identification:_identify(example_topic_rclcpp) by extension 'colcon_pkg'
[1.028s] Level 1:colcon.colcon_core.package_identification:_identify(example_topic_rclcpp) by extensions ['colcon_meta']
[1.028s] Level 1:colcon.colcon_core.package_identification:_identify(example_topic_rclcpp) by extension 'colcon_meta'
[1.028s] Level 1:colcon.colcon_core.package_identification:_identify(example_topic_rclcpp) by extensions ['ros']
[1.028s] Level 1:colcon.colcon_core.package_identification:_identify(example_topic_rclcpp) by extension 'ros'
[1.033s] DEBUG:colcon.colcon_core.package_identification:Package 'example_topic_rclcpp' with type 'ros.ament_cmake' and name 'example_topic_rclcpp'
[1.033s] Level 1:colcon.colcon_core.package_identification:_identify(install) by extensions ['ignore', 'ignore_ament_install']
[1.033s] Level 1:colcon.colcon_core.package_identification:_identify(install) by extension 'ignore'
[1.033s] Level 1:colcon.colcon_core.package_identification:_identify(install) ignored
[1.033s] Level 1:colcon.colcon_core.package_identification:_identify(log) by extensions ['ignore', 'ignore_ament_install']
[1.033s] Level 1:colcon.colcon_core.package_identification:_identify(log) by extension 'ignore'
[1.034s] Level 1:colcon.colcon_core.package_identification:_identify(log) ignored
[1.034s] Level 1:colcon.colcon_core.package_discovery:discover_packages(recursive) using defaults
[1.034s] Level 1:colcon.colcon_core.package_discovery:discover_packages(ignore) discover
[1.034s] Level 1:colcon.colcon_core.package_discovery:discover_packages(ignore) using defaults
[1.034s] Level 1:colcon.colcon_core.package_discovery:discover_packages(path) discover
[1.034s] Level 1:colcon.colcon_core.package_discovery:discover_packages(path) using defaults
[1.092s] Level 1:colcon.colcon_core.package_discovery:discover_packages(prefix_path) check parameters
[1.092s] Level 1:colcon.colcon_core.package_discovery:discover_packages(prefix_path) discover
[1.097s] WARNING:colcon.colcon_core.prefix_path.colcon:The path '/home/ying/ros2/chatpt2/town_ws/src/village_wang/install' in the environment variable COLCON_PREFIX_PATH doesn't exist
[1.097s] WARNING:colcon.colcon_core.prefix_path.colcon:The path '/home/ying/ros2/chatpt2/town_ws/install' in the environment variable COLCON_PREFIX_PATH doesn't exist
[1.097s] WARNING:colcon.colcon_core.prefix_path.colcon:The path '/home/ying/ros2/chatpt2/town_ws/src/install' in the environment variable COLCON_PREFIX_PATH doesn't exist
[1.097s] WARNING:colcon.colcon_ros.prefix_path.ament:The path '/home/ying/ros2/chatpt2/town_ws/src/village_wang/install/village_wang' in the environment variable AMENT_PREFIX_PATH doesn't exist
[1.097s] WARNING:colcon.colcon_ros.prefix_path.ament:The path '/home/ying/ros2/chatpt2/town_ws/install/village_wang' in the environment variable AMENT_PREFIX_PATH doesn't exist
[1.097s] WARNING:colcon.colcon_ros.prefix_path.ament:The path '/home/ying/ros2/chatpt2/town_ws/install/village_li' in the environment variable AMENT_PREFIX_PATH doesn't exist
[1.097s] WARNING:colcon.colcon_ros.prefix_path.ament:The path '/home/ying/ros2/chatpt2/town_ws/src/install/village_li' in the environment variable AMENT_PREFIX_PATH doesn't exist
[1.098s] WARNING:colcon.colcon_ros.prefix_path.catkin:The path '/home/ying/ros2/chatpt2/town_ws/src/village_wang/install/village_wang' in the environment variable CMAKE_PREFIX_PATH doesn't exist
[1.098s] WARNING:colcon.colcon_ros.prefix_path.catkin:The path '/home/ying/ros2/chatpt2/town_ws/install/village_wang' in the environment variable CMAKE_PREFIX_PATH doesn't exist
[1.103s] DEBUG:colcon.colcon_installed_package_information.package_discovery:Found 271 installed packages in /opt/ros/humble
[1.104s] Level 1:colcon.colcon_core.package_discovery:discover_packages(prefix_path) using defaults
[1.288s] Level 5:colcon.colcon_core.verb:set package 'example_topic_rclcpp' build argument 'cmake_args' from command line to 'None'
[1.288s] Level 5:colcon.colcon_core.verb:set package 'example_topic_rclcpp' build argument 'cmake_target' from command line to 'None'
[1.288s] Level 5:colcon.colcon_core.verb:set package 'example_topic_rclcpp' build argument 'cmake_target_skip_unavailable' from command line to 'False'
[1.288s] Level 5:colcon.colcon_core.verb:set package 'example_topic_rclcpp' build argument 'cmake_clean_cache' from command line to 'False'
[1.288s] Level 5:colcon.colcon_core.verb:set package 'example_topic_rclcpp' build argument 'cmake_clean_first' from command line to 'False'
[1.288s] Level 5:colcon.colcon_core.verb:set package 'example_topic_rclcpp' build argument 'cmake_force_configure' from command line to 'False'
[1.289s] Level 5:colcon.colcon_core.verb:set package 'example_topic_rclcpp' build argument 'ament_cmake_args' from command line to 'None'
[1.289s] Level 5:colcon.colcon_core.verb:set package 'example_topic_rclcpp' build argument 'catkin_cmake_args' from command line to 'None'
[1.289s] Level 5:colcon.colcon_core.verb:set package 'example_topic_rclcpp' build argument 'catkin_skip_building_tests' from command line to 'False'
[1.289s] DEBUG:colcon.colcon_core.verb:Building package 'example_topic_rclcpp' with the following arguments: {'ament_cmake_args': None, 'build_base': '/home/ying/d2lros2/chapt3/chapt3_ws/src/build/example_topic_rclcpp', 'catkin_cmake_args': None, 'catkin_skip_building_tests': False, 'cmake_args': None, 'cmake_clean_cache': False, 'cmake_clean_first': False, 'cmake_force_configure': False, 'cmake_target': None, 'cmake_target_skip_unavailable': False, 'install_base': '/home/ying/d2lros2/chapt3/chapt3_ws/src/install/example_topic_rclcpp', 'merge_install': False, 'path': '/home/ying/d2lros2/chapt3/chapt3_ws/src/example_topic_rclcpp', 'symlink_install': False, 'test_result_base': None}
[1.289s] INFO:colcon.colcon_core.executor:Executing jobs using 'parallel' executor
[1.290s] DEBUG:colcon.colcon_parallel_executor.executor.parallel:run_until_complete
[1.290s] INFO:colcon.colcon_ros.task.ament_cmake.build:Building ROS package in '/home/ying/d2lros2/chapt3/chapt3_ws/src/example_topic_rclcpp' with build type 'ament_cmake'
[1.290s] INFO:colcon.colcon_cmake.task.cmake.build:Building CMake package in '/home/ying/d2lros2/chapt3/chapt3_ws/src/example_topic_rclcpp'
[1.302s] INFO:colcon.colcon_core.plugin_system:Skipping extension 'colcon_core.shell.bat': Not used on non-Windows systems
[1.302s] INFO:colcon.colcon_core.shell:Skip shell extension 'powershell' for command environment: Not usable outside of PowerShell
[1.302s] DEBUG:colcon.colcon_core.shell:Skip shell extension 'dsv' for command environment
[1.316s] DEBUG:colcon.colcon_core.event_handler.log_command:Invoking command in '/home/ying/d2lros2/chapt3/chapt3_ws/src/build/example_topic_rclcpp': CMAKE_PREFIX_PATH=${CMAKE_PREFIX_PATH}:/home/ying/ros2/chatpt2/town_ws/install/village_li:/home/ying/ros2/chatpt2/town_ws/src/install/village_li:/opt/ros/humble /usr/bin/cmake /home/ying/d2lros2/chapt3/chapt3_ws/src/example_topic_rclcpp -DCMAKE_INSTALL_PREFIX=/home/ying/d2lros2/chapt3/chapt3_ws/src/install/example_topic_rclcpp
[3.873s] DEBUG:colcon.colcon_core.event_handler.log_command:Invoked command in '/home/ying/d2lros2/chapt3/chapt3_ws/src/build/example_topic_rclcpp' returned '0': CMAKE_PREFIX_PATH=${CMAKE_PREFIX_PATH}:/home/ying/ros2/chatpt2/town_ws/install/village_li:/home/ying/ros2/chatpt2/town_ws/src/install/village_li:/opt/ros/humble /usr/bin/cmake /home/ying/d2lros2/chapt3/chapt3_ws/src/example_topic_rclcpp -DCMAKE_INSTALL_PREFIX=/home/ying/d2lros2/chapt3/chapt3_ws/src/install/example_topic_rclcpp
[3.875s] DEBUG:colcon.colcon_core.event_handler.log_command:Invoking command in '/home/ying/d2lros2/chapt3/chapt3_ws/src/build/example_topic_rclcpp': CMAKE_PREFIX_PATH=${CMAKE_PREFIX_PATH}:/home/ying/ros2/chatpt2/town_ws/install/village_li:/home/ying/ros2/chatpt2/town_ws/src/install/village_li:/opt/ros/humble /usr/bin/cmake --build /home/ying/d2lros2/chapt3/chapt3_ws/src/build/example_topic_rclcpp -- -j2 -l2
[9.586s] DEBUG:colcon.colcon_core.event_handler.log_command:Invoked command in '/home/ying/d2lros2/chapt3/chapt3_ws/src/build/example_topic_rclcpp' returned '0': CMAKE_PREFIX_PATH=${CMAKE_PREFIX_PATH}:/home/ying/ros2/chatpt2/town_ws/install/village_li:/home/ying/ros2/chatpt2/town_ws/src/install/village_li:/opt/ros/humble /usr/bin/cmake --build /home/ying/d2lros2/chapt3/chapt3_ws/src/build/example_topic_rclcpp -- -j2 -l2
[9.600s] DEBUG:colcon.colcon_core.event_handler.log_command:Invoking command in '/home/ying/d2lros2/chapt3/chapt3_ws/src/build/example_topic_rclcpp': CMAKE_PREFIX_PATH=${CMAKE_PREFIX_PATH}:/home/ying/ros2/chatpt2/town_ws/install/village_li:/home/ying/ros2/chatpt2/town_ws/src/install/village_li:/opt/ros/humble /usr/bin/cmake --install /home/ying/d2lros2/chapt3/chapt3_ws/src/build/example_topic_rclcpp
[9.617s] Level 1:colcon.colcon_core.environment:create_environment_scripts_only(example_topic_rclcpp)
[9.618s] DEBUG:colcon.colcon_core.event_handler.log_command:Invoked command in '/home/ying/d2lros2/chapt3/chapt3_ws/src/build/example_topic_rclcpp' returned '0': CMAKE_PREFIX_PATH=${CMAKE_PREFIX_PATH}:/home/ying/ros2/chatpt2/town_ws/install/village_li:/home/ying/ros2/chatpt2/town_ws/src/install/village_li:/opt/ros/humble /usr/bin/cmake --install /home/ying/d2lros2/chapt3/chapt3_ws/src/build/example_topic_rclcpp
[9.640s] Level 1:colcon.colcon_core.environment:checking '/home/ying/d2lros2/chapt3/chapt3_ws/src/install/example_topic_rclcpp' for CMake module files
[9.641s] Level 1:colcon.colcon_core.environment:checking '/home/ying/d2lros2/chapt3/chapt3_ws/src/install/example_topic_rclcpp' for CMake config files
[9.642s] Level 1:colcon.colcon_core.shell:create_environment_hook('example_topic_rclcpp', 'cmake_prefix_path')
[9.642s] INFO:colcon.colcon_core.shell:Creating environment hook '/home/ying/d2lros2/chapt3/chapt3_ws/src/install/example_topic_rclcpp/share/example_topic_rclcpp/hook/cmake_prefix_path.ps1'
[9.644s] INFO:colcon.colcon_core.shell:Creating environment descriptor '/home/ying/d2lros2/chapt3/chapt3_ws/src/install/example_topic_rclcpp/share/example_topic_rclcpp/hook/cmake_prefix_path.dsv'
[9.645s] INFO:colcon.colcon_core.shell:Creating environment hook '/home/ying/d2lros2/chapt3/chapt3_ws/src/install/example_topic_rclcpp/share/example_topic_rclcpp/hook/cmake_prefix_path.sh'
[9.647s] Level 1:colcon.colcon_core.environment:checking '/home/ying/d2lros2/chapt3/chapt3_ws/src/install/example_topic_rclcpp/lib'
[9.647s] Level 1:colcon.colcon_core.environment:checking '/home/ying/d2lros2/chapt3/chapt3_ws/src/install/example_topic_rclcpp/bin'
[9.648s] Level 1:colcon.colcon_core.environment:checking '/home/ying/d2lros2/chapt3/chapt3_ws/src/install/example_topic_rclcpp/lib/pkgconfig/example_topic_rclcpp.pc'
[9.648s] Level 1:colcon.colcon_core.environment:checking '/home/ying/d2lros2/chapt3/chapt3_ws/src/install/example_topic_rclcpp/lib/python3.10/site-packages'
[9.648s] Level 1:colcon.colcon_core.environment:checking '/home/ying/d2lros2/chapt3/chapt3_ws/src/install/example_topic_rclcpp/bin'
[9.649s] INFO:colcon.colcon_core.shell:Creating package script '/home/ying/d2lros2/chapt3/chapt3_ws/src/install/example_topic_rclcpp/share/example_topic_rclcpp/package.ps1'
[9.650s] INFO:colcon.colcon_core.shell:Creating package descriptor '/home/ying/d2lros2/chapt3/chapt3_ws/src/install/example_topic_rclcpp/share/example_topic_rclcpp/package.dsv'
[9.651s] INFO:colcon.colcon_core.shell:Creating package script '/home/ying/d2lros2/chapt3/chapt3_ws/src/install/example_topic_rclcpp/share/example_topic_rclcpp/package.sh'
[9.652s] INFO:colcon.colcon_core.shell:Creating package script '/home/ying/d2lros2/chapt3/chapt3_ws/src/install/example_topic_rclcpp/share/example_topic_rclcpp/package.bash'
[9.656s] INFO:colcon.colcon_core.shell:Creating package script '/home/ying/d2lros2/chapt3/chapt3_ws/src/install/example_topic_rclcpp/share/example_topic_rclcpp/package.zsh'
[9.659s] Level 1:colcon.colcon_core.environment:create_file_with_runtime_dependencies(/home/ying/d2lros2/chapt3/chapt3_ws/src/install/example_topic_rclcpp/share/colcon-core/packages/example_topic_rclcpp)
[9.659s] Level 1:colcon.colcon_core.environment:create_environment_scripts_only(example_topic_rclcpp)
[9.660s] Level 1:colcon.colcon_core.environment:checking '/home/ying/d2lros2/chapt3/chapt3_ws/src/install/example_topic_rclcpp' for CMake module files
[9.660s] Level 1:colcon.colcon_core.environment:checking '/home/ying/d2lros2/chapt3/chapt3_ws/src/install/example_topic_rclcpp' for CMake config files
[9.660s] Level 1:colcon.colcon_core.shell:create_environment_hook('example_topic_rclcpp', 'cmake_prefix_path')
[9.661s] INFO:colcon.colcon_core.shell:Creating environment hook '/home/ying/d2lros2/chapt3/chapt3_ws/src/install/example_topic_rclcpp/share/example_topic_rclcpp/hook/cmake_prefix_path.ps1'
[9.661s] INFO:colcon.colcon_core.shell:Creating environment descriptor '/home/ying/d2lros2/chapt3/chapt3_ws/src/install/example_topic_rclcpp/share/example_topic_rclcpp/hook/cmake_prefix_path.dsv'
[9.662s] INFO:colcon.colcon_core.shell:Creating environment hook '/home/ying/d2lros2/chapt3/chapt3_ws/src/install/example_topic_rclcpp/share/example_topic_rclcpp/hook/cmake_prefix_path.sh'
[9.663s] Level 1:colcon.colcon_core.environment:checking '/home/ying/d2lros2/chapt3/chapt3_ws/src/install/example_topic_rclcpp/lib'
[9.663s] Level 1:colcon.colcon_core.environment:checking '/home/ying/d2lros2/chapt3/chapt3_ws/src/install/example_topic_rclcpp/bin'
[9.663s] Level 1:colcon.colcon_core.environment:checking '/home/ying/d2lros2/chapt3/chapt3_ws/src/install/example_topic_rclcpp/lib/pkgconfig/example_topic_rclcpp.pc'
[9.663s] Level 1:colcon.colcon_core.environment:checking '/home/ying/d2lros2/chapt3/chapt3_ws/src/install/example_topic_rclcpp/lib/python3.10/site-packages'
[9.663s] Level 1:colcon.colcon_core.environment:checking '/home/ying/d2lros2/chapt3/chapt3_ws/src/install/example_topic_rclcpp/bin'
[9.663s] INFO:colcon.colcon_core.shell:Creating package script '/home/ying/d2lros2/chapt3/chapt3_ws/src/install/example_topic_rclcpp/share/example_topic_rclcpp/package.ps1'
[9.664s] INFO:colcon.colcon_core.shell:Creating package descriptor '/home/ying/d2lros2/chapt3/chapt3_ws/src/install/example_topic_rclcpp/share/example_topic_rclcpp/package.dsv'
[9.665s] INFO:colcon.colcon_core.shell:Creating package script '/home/ying/d2lros2/chapt3/chapt3_ws/src/install/example_topic_rclcpp/share/example_topic_rclcpp/package.sh'
[9.665s] INFO:colcon.colcon_core.shell:Creating package script '/home/ying/d2lros2/chapt3/chapt3_ws/src/install/example_topic_rclcpp/share/example_topic_rclcpp/package.bash'
[9.666s] INFO:colcon.colcon_core.shell:Creating package script '/home/ying/d2lros2/chapt3/chapt3_ws/src/install/example_topic_rclcpp/share/example_topic_rclcpp/package.zsh'
[9.668s] Level 1:colcon.colcon_core.environment:create_file_with_runtime_dependencies(/home/ying/d2lros2/chapt3/chapt3_ws/src/install/example_topic_rclcpp/share/colcon-core/packages/example_topic_rclcpp)
[9.668s] DEBUG:colcon.colcon_parallel_executor.executor.parallel:closing loop
[9.668s] DEBUG:colcon.colcon_parallel_executor.executor.parallel:loop closed
[9.669s] DEBUG:colcon.colcon_parallel_executor.executor.parallel:run_until_complete finished with '0'
[9.669s] DEBUG:colcon.colcon_core.event_reactor:joining thread
[9.688s] INFO:colcon.colcon_core.plugin_system:Skipping extension 'colcon_notification.desktop_notification.terminal_notifier': Not used on non-Darwin systems
[9.688s] INFO:colcon.colcon_core.plugin_system:Skipping extension 'colcon_notification.desktop_notification.win32': Not used on non-Windows systems
[9.688s] INFO:colcon.colcon_notification.desktop_notification:Sending desktop notification using 'notify2'
[9.792s] DEBUG:colcon.colcon_core.event_reactor:joined thread
[9.793s] INFO:colcon.colcon_core.shell:Creating prefix script '/home/ying/d2lros2/chapt3/chapt3_ws/src/install/local_setup.ps1'
[9.795s] INFO:colcon.colcon_core.shell:Creating prefix util module '/home/ying/d2lros2/chapt3/chapt3_ws/src/install/_local_setup_util_ps1.py'
[9.798s] INFO:colcon.colcon_core.shell:Creating prefix chain script '/home/ying/d2lros2/chapt3/chapt3_ws/src/install/setup.ps1'
[9.800s] INFO:colcon.colcon_core.shell:Creating prefix script '/home/ying/d2lros2/chapt3/chapt3_ws/src/install/local_setup.sh'
[9.802s] INFO:colcon.colcon_core.shell:Creating prefix util module '/home/ying/d2lros2/chapt3/chapt3_ws/src/install/_local_setup_util_sh.py'
[9.804s] INFO:colcon.colcon_core.shell:Creating prefix chain script '/home/ying/d2lros2/chapt3/chapt3_ws/src/install/setup.sh'
[9.807s] INFO:colcon.colcon_core.shell:Creating prefix script '/home/ying/d2lros2/chapt3/chapt3_ws/src/install/local_setup.bash'
[9.810s] INFO:colcon.colcon_core.shell:Creating prefix chain script '/home/ying/d2lros2/chapt3/chapt3_ws/src/install/setup.bash'
[9.811s] INFO:colcon.colcon_core.shell:Creating prefix script '/home/ying/d2lros2/chapt3/chapt3_ws/src/install/local_setup.zsh'
[9.812s] INFO:colcon.colcon_core.shell:Creating prefix chain script '/home/ying/d2lros2/chapt3/chapt3_ws/src/install/setup.zsh'
