[0.744s] Invoking command in '/home/ying/ros2/chatpt2/town_ws/src/village_li': PYTHONPATH=/home/ying/ros2/chatpt2/town_ws/src/build/village_li/prefix_override:/usr/lib/python3/dist-packages/colcon_core/task/python/colcon_distutils_commands:/home/ying/ros2/chatpt2/town_ws/src/install/village_li/lib/python3.10/site-packages:${PYTHONPATH} /usr/bin/python3 -W ignore:setup.py install is deprecated -W ignore:easy_install command is deprecated setup.py egg_info --egg-base ../build/village_li build --build-base /home/ying/ros2/chatpt2/town_ws/src/build/village_li/build install --record /home/ying/ros2/chatpt2/town_ws/src/build/village_li/install.log --single-version-externally-managed install_data
[1.007s] running egg_info
[1.009s] writing ../build/village_li/village_li.egg-info/PKG-INFO
[1.010s] writing dependency_links to ../build/village_li/village_li.egg-info/dependency_links.txt
[1.010s] writing entry points to ../build/village_li/village_li.egg-info/entry_points.txt
[1.010s] writing requirements to ../build/village_li/village_li.egg-info/requires.txt
[1.010s] writing top-level names to ../build/village_li/village_li.egg-info/top_level.txt
[1.012s] reading manifest file '../build/village_li/village_li.egg-info/SOURCES.txt'
[1.013s] writing manifest file '../build/village_li/village_li.egg-info/SOURCES.txt'
[1.013s] running build
[1.013s] running build_py
[1.014s] copying village_li/li4.py -> /home/ying/ros2/chatpt2/town_ws/src/build/village_li/build/lib/village_li
[1.014s] running install
[1.015s] running install_lib
[1.016s] copying /home/ying/ros2/chatpt2/town_ws/src/build/village_li/build/lib/village_li/li4.py -> /home/ying/ros2/chatpt2/town_ws/src/install/village_li/lib/python3.10/site-packages/village_li
[1.017s] byte-compiling /home/ying/ros2/chatpt2/town_ws/src/install/village_li/lib/python3.10/site-packages/village_li/li4.py to li4.cpython-310.pyc
[1.017s] running install_data
[1.017s] running install_egg_info
[1.019s] removing '/home/ying/ros2/chatpt2/town_ws/src/install/village_li/lib/python3.10/site-packages/village_li-0.0.0-py3.10.egg-info' (and everything under it)
[1.019s] Copying ../build/village_li/village_li.egg-info to /home/ying/ros2/chatpt2/town_ws/src/install/village_li/lib/python3.10/site-packages/village_li-0.0.0-py3.10.egg-info
[1.020s] running install_scripts
[1.048s] Installing li4_node script to /home/ying/ros2/chatpt2/town_ws/src/install/village_li/lib/village_li
[1.049s] writing list of installed files to '/home/ying/ros2/chatpt2/town_ws/src/build/village_li/install.log'
[1.082s] Invoked command in '/home/ying/ros2/chatpt2/town_ws/src/village_li' returned '0': PYTHONPATH=/home/ying/ros2/chatpt2/town_ws/src/build/village_li/prefix_override:/usr/lib/python3/dist-packages/colcon_core/task/python/colcon_distutils_commands:/home/ying/ros2/chatpt2/town_ws/src/install/village_li/lib/python3.10/site-packages:${PYTHONPATH} /usr/bin/python3 -W ignore:setup.py install is deprecated -W ignore:easy_install command is deprecated setup.py egg_info --egg-base ../build/village_li build --build-base /home/ying/ros2/chatpt2/town_ws/src/build/village_li/build install --record /home/ying/ros2/chatpt2/town_ws/src/build/village_li/install.log --single-version-externally-managed install_data
