[0.155s] DEBUG:colcon:Command line arguments: ['/usr/bin/colcon', 'build', '--packages-select', 'village_wang']
[0.155s] DEBUG:colcon:Parsed command line arguments: Namespace(log_base=None, log_level=None, verb_name='build', build_base='build', install_base='install', merge_install=False, symlink_install=False, test_result_base=None, continue_on_error=False, executor='parallel', parallel_workers=2, event_handlers=None, ignore_user_meta=False, metas=['./colcon.meta'], base_paths=['.'], packages_ignore=None, packages_ignore_regex=None, paths=None, packages_up_to=None, packages_up_to_regex=None, packages_above=None, packages_above_and_dependencies=None, packages_above_depth=None, packages_select_by_dep=None, packages_skip_by_dep=None, packages_skip_up_to=None, packages_select_build_failed=False, packages_skip_build_finished=False, packages_select_test_failures=False, packages_skip_test_passed=False, packages_select=['village_wang'], packages_skip=None, packages_select_regex=None, packages_skip_regex=None, packages_start=None, packages_end=None, allow_overriding=[], cmake_args=None, cmake_target=None, cmake_target_skip_unavailable=False, cmake_clean_cache=False, cmake_clean_first=False, cmake_force_configure=False, ament_cmake_args=None, catkin_cmake_args=None, catkin_skip_building_tests=False, verb_parser=<colcon_defaults.argument_parser.defaults.DefaultArgumentsDecorator object at 0x7521a0ef2b30>, verb_extension=<colcon_core.verb.build.BuildVerb object at 0x7521a0ef26b0>, main=<bound method BuildVerb.main of <colcon_core.verb.build.BuildVerb object at 0x7521a0ef26b0>>)
[0.417s] Level 1:colcon.colcon_core.package_discovery:discover_packages(colcon_meta) check parameters
[0.417s] Level 1:colcon.colcon_core.package_discovery:discover_packages(recursive) check parameters
[0.417s] Level 1:colcon.colcon_core.package_discovery:discover_packages(ignore) check parameters
[0.417s] Level 1:colcon.colcon_core.package_discovery:discover_packages(path) check parameters
[0.417s] Level 1:colcon.colcon_core.package_discovery:discover_packages(colcon_meta) discover
[0.417s] Level 1:colcon.colcon_core.package_discovery:discover_packages(recursive) discover
[0.417s] INFO:colcon.colcon_core.package_discovery:Crawling recursively for packages in '/home/ying/ros2/chatpt2/town_ws'
[0.418s] Level 1:colcon.colcon_core.package_identification:_identify(.) by extensions ['ignore', 'ignore_ament_install']
[0.418s] Level 1:colcon.colcon_core.package_identification:_identify(.) by extension 'ignore'
[0.418s] Level 1:colcon.colcon_core.package_identification:_identify(.) by extension 'ignore_ament_install'
[0.418s] Level 1:colcon.colcon_core.package_identification:_identify(.) by extensions ['colcon_pkg']
[0.418s] Level 1:colcon.colcon_core.package_identification:_identify(.) by extension 'colcon_pkg'
[0.418s] Level 1:colcon.colcon_core.package_identification:_identify(.) by extensions ['colcon_meta']
[0.418s] Level 1:colcon.colcon_core.package_identification:_identify(.) by extension 'colcon_meta'
[0.418s] Level 1:colcon.colcon_core.package_identification:_identify(.) by extensions ['ros']
[0.418s] Level 1:colcon.colcon_core.package_identification:_identify(.) by extension 'ros'
[0.434s] Level 1:colcon.colcon_core.package_identification:_identify(.) by extensions ['cmake', 'python']
[0.434s] Level 1:colcon.colcon_core.package_identification:_identify(.) by extension 'cmake'
[0.434s] Level 1:colcon.colcon_core.package_identification:_identify(.) by extension 'python'
[0.435s] Level 1:colcon.colcon_core.package_identification:_identify(.) by extensions ['python_setup_py']
[0.435s] Level 1:colcon.colcon_core.package_identification:_identify(.) by extension 'python_setup_py'
[0.435s] Level 1:colcon.colcon_core.package_identification:_identify(build) by extensions ['ignore', 'ignore_ament_install']
[0.435s] Level 1:colcon.colcon_core.package_identification:_identify(build) by extension 'ignore'
[0.435s] Level 1:colcon.colcon_core.package_identification:_identify(build) ignored
[0.435s] Level 1:colcon.colcon_core.package_identification:_identify(install) by extensions ['ignore', 'ignore_ament_install']
[0.435s] Level 1:colcon.colcon_core.package_identification:_identify(install) by extension 'ignore'
[0.435s] Level 1:colcon.colcon_core.package_identification:_identify(install) ignored
[0.436s] Level 1:colcon.colcon_core.package_identification:_identify(log) by extensions ['ignore', 'ignore_ament_install']
[0.436s] Level 1:colcon.colcon_core.package_identification:_identify(log) by extension 'ignore'
[0.436s] Level 1:colcon.colcon_core.package_identification:_identify(log) ignored
[0.436s] Level 1:colcon.colcon_core.package_identification:_identify(src) by extensions ['ignore', 'ignore_ament_install']
[0.436s] Level 1:colcon.colcon_core.package_identification:_identify(src) by extension 'ignore'
[0.436s] Level 1:colcon.colcon_core.package_identification:_identify(src) by extension 'ignore_ament_install'
[0.436s] Level 1:colcon.colcon_core.package_identification:_identify(src) by extensions ['colcon_pkg']
[0.436s] Level 1:colcon.colcon_core.package_identification:_identify(src) by extension 'colcon_pkg'
[0.436s] Level 1:colcon.colcon_core.package_identification:_identify(src) by extensions ['colcon_meta']
[0.436s] Level 1:colcon.colcon_core.package_identification:_identify(src) by extension 'colcon_meta'
[0.436s] Level 1:colcon.colcon_core.package_identification:_identify(src) by extensions ['ros']
[0.436s] Level 1:colcon.colcon_core.package_identification:_identify(src) by extension 'ros'
[0.436s] Level 1:colcon.colcon_core.package_identification:_identify(src) by extensions ['cmake', 'python']
[0.436s] Level 1:colcon.colcon_core.package_identification:_identify(src) by extension 'cmake'
[0.437s] Level 1:colcon.colcon_core.package_identification:_identify(src) by extension 'python'
[0.437s] Level 1:colcon.colcon_core.package_identification:_identify(src) by extensions ['python_setup_py']
[0.437s] Level 1:colcon.colcon_core.package_identification:_identify(src) by extension 'python_setup_py'
[0.437s] Level 1:colcon.colcon_core.package_identification:_identify(src/village_li) by extensions ['ignore', 'ignore_ament_install']
[0.437s] Level 1:colcon.colcon_core.package_identification:_identify(src/village_li) by extension 'ignore'
[0.437s] Level 1:colcon.colcon_core.package_identification:_identify(src/village_li) by extension 'ignore_ament_install'
[0.437s] Level 1:colcon.colcon_core.package_identification:_identify(src/village_li) by extensions ['colcon_pkg']
[0.437s] Level 1:colcon.colcon_core.package_identification:_identify(src/village_li) by extension 'colcon_pkg'
[0.437s] Level 1:colcon.colcon_core.package_identification:_identify(src/village_li) by extensions ['colcon_meta']
[0.437s] Level 1:colcon.colcon_core.package_identification:_identify(src/village_li) by extension 'colcon_meta'
[0.437s] Level 1:colcon.colcon_core.package_identification:_identify(src/village_li) by extensions ['ros']
[0.437s] Level 1:colcon.colcon_core.package_identification:_identify(src/village_li) by extension 'ros'
[0.440s] DEBUG:colcon.colcon_core.package_identification:Package 'src/village_li' with type 'ros.ament_python' and name 'village_li'
[0.440s] Level 1:colcon.colcon_core.package_identification:_identify(src/village_wang) by extensions ['ignore', 'ignore_ament_install']
[0.440s] Level 1:colcon.colcon_core.package_identification:_identify(src/village_wang) by extension 'ignore'
[0.440s] Level 1:colcon.colcon_core.package_identification:_identify(src/village_wang) by extension 'ignore_ament_install'
[0.440s] Level 1:colcon.colcon_core.package_identification:_identify(src/village_wang) by extensions ['colcon_pkg']
[0.440s] Level 1:colcon.colcon_core.package_identification:_identify(src/village_wang) by extension 'colcon_pkg'
[0.441s] Level 1:colcon.colcon_core.package_identification:_identify(src/village_wang) by extensions ['colcon_meta']
[0.441s] Level 1:colcon.colcon_core.package_identification:_identify(src/village_wang) by extension 'colcon_meta'
[0.441s] Level 1:colcon.colcon_core.package_identification:_identify(src/village_wang) by extensions ['ros']
[0.441s] Level 1:colcon.colcon_core.package_identification:_identify(src/village_wang) by extension 'ros'
[0.442s] DEBUG:colcon.colcon_core.package_identification:Package 'src/village_wang' with type 'ros.ament_cmake' and name 'village_wang'
[0.442s] Level 1:colcon.colcon_core.package_discovery:discover_packages(recursive) using defaults
[0.442s] Level 1:colcon.colcon_core.package_discovery:discover_packages(ignore) discover
[0.442s] Level 1:colcon.colcon_core.package_discovery:discover_packages(ignore) using defaults
[0.442s] Level 1:colcon.colcon_core.package_discovery:discover_packages(path) discover
[0.442s] Level 1:colcon.colcon_core.package_discovery:discover_packages(path) using defaults
[0.464s] INFO:colcon.colcon_core.package_selection:Skipping not selected package 'village_li' in 'src/village_li'
[0.464s] Level 1:colcon.colcon_core.package_discovery:discover_packages(prefix_path) check parameters
[0.464s] Level 1:colcon.colcon_core.package_discovery:discover_packages(prefix_path) discover
[0.467s] DEBUG:colcon.colcon_installed_package_information.package_discovery:Found 2 installed packages in /home/ying/ros2/chatpt2/town_ws/install
[0.467s] DEBUG:colcon.colcon_installed_package_information.package_discovery:Found 1 installed packages in /home/ying/ros2/chatpt2/town_ws/src/village_wang/install
[0.469s] DEBUG:colcon.colcon_installed_package_information.package_discovery:Found 271 installed packages in /opt/ros/humble
[0.471s] Level 1:colcon.colcon_core.package_discovery:discover_packages(prefix_path) using defaults
[0.533s] Level 5:colcon.colcon_core.verb:set package 'village_wang' build argument 'cmake_args' from command line to 'None'
[0.533s] Level 5:colcon.colcon_core.verb:set package 'village_wang' build argument 'cmake_target' from command line to 'None'
[0.533s] Level 5:colcon.colcon_core.verb:set package 'village_wang' build argument 'cmake_target_skip_unavailable' from command line to 'False'
[0.533s] Level 5:colcon.colcon_core.verb:set package 'village_wang' build argument 'cmake_clean_cache' from command line to 'False'
[0.533s] Level 5:colcon.colcon_core.verb:set package 'village_wang' build argument 'cmake_clean_first' from command line to 'False'
[0.534s] Level 5:colcon.colcon_core.verb:set package 'village_wang' build argument 'cmake_force_configure' from command line to 'False'
[0.534s] Level 5:colcon.colcon_core.verb:set package 'village_wang' build argument 'ament_cmake_args' from command line to 'None'
[0.534s] Level 5:colcon.colcon_core.verb:set package 'village_wang' build argument 'catkin_cmake_args' from command line to 'None'
[0.534s] Level 5:colcon.colcon_core.verb:set package 'village_wang' build argument 'catkin_skip_building_tests' from command line to 'False'
[0.534s] DEBUG:colcon.colcon_core.verb:Building package 'village_wang' with the following arguments: {'ament_cmake_args': None, 'build_base': '/home/ying/ros2/chatpt2/town_ws/build/village_wang', 'catkin_cmake_args': None, 'catkin_skip_building_tests': False, 'cmake_args': None, 'cmake_clean_cache': False, 'cmake_clean_first': False, 'cmake_force_configure': False, 'cmake_target': None, 'cmake_target_skip_unavailable': False, 'install_base': '/home/ying/ros2/chatpt2/town_ws/install/village_wang', 'merge_install': False, 'path': '/home/ying/ros2/chatpt2/town_ws/src/village_wang', 'symlink_install': False, 'test_result_base': None}
[0.534s] INFO:colcon.colcon_core.executor:Executing jobs using 'parallel' executor
[0.536s] DEBUG:colcon.colcon_parallel_executor.executor.parallel:run_until_complete
[0.536s] INFO:colcon.colcon_ros.task.ament_cmake.build:Building ROS package in '/home/ying/ros2/chatpt2/town_ws/src/village_wang' with build type 'ament_cmake'
[0.536s] INFO:colcon.colcon_cmake.task.cmake.build:Building CMake package in '/home/ying/ros2/chatpt2/town_ws/src/village_wang'
[0.540s] INFO:colcon.colcon_core.plugin_system:Skipping extension 'colcon_core.shell.bat': Not used on non-Windows systems
[0.540s] INFO:colcon.colcon_core.shell:Skip shell extension 'powershell' for command environment: Not usable outside of PowerShell
[0.540s] DEBUG:colcon.colcon_core.shell:Skip shell extension 'dsv' for command environment
[0.578s] DEBUG:colcon.colcon_core.event_handler.log_command:Invoking command in '/home/ying/ros2/chatpt2/town_ws/build/village_wang': CMAKE_PREFIX_PATH=${CMAKE_PREFIX_PATH}:/home/ying/ros2/chatpt2/town_ws/install/village_li:/opt/ros/humble /usr/bin/cmake --build /home/ying/ros2/chatpt2/town_ws/build/village_wang -- -j2 -l2
[1.283s] DEBUG:colcon.colcon_core.event_handler.log_command:Invoked command in '/home/ying/ros2/chatpt2/town_ws/build/village_wang' returned '0': CMAKE_PREFIX_PATH=${CMAKE_PREFIX_PATH}:/home/ying/ros2/chatpt2/town_ws/install/village_li:/opt/ros/humble /usr/bin/cmake --build /home/ying/ros2/chatpt2/town_ws/build/village_wang -- -j2 -l2
[1.311s] DEBUG:colcon.colcon_core.event_handler.log_command:Invoking command in '/home/ying/ros2/chatpt2/town_ws/build/village_wang': CMAKE_PREFIX_PATH=${CMAKE_PREFIX_PATH}:/home/ying/ros2/chatpt2/town_ws/install/village_li:/opt/ros/humble /usr/bin/cmake --install /home/ying/ros2/chatpt2/town_ws/build/village_wang
[1.631s] Level 1:colcon.colcon_core.environment:create_environment_scripts_only(village_wang)
[1.632s] DEBUG:colcon.colcon_core.event_handler.log_command:Invoked command in '/home/ying/ros2/chatpt2/town_ws/build/village_wang' returned '0': CMAKE_PREFIX_PATH=${CMAKE_PREFIX_PATH}:/home/ying/ros2/chatpt2/town_ws/install/village_li:/opt/ros/humble /usr/bin/cmake --install /home/ying/ros2/chatpt2/town_ws/build/village_wang
[1.634s] Level 1:colcon.colcon_core.environment:checking '/home/ying/ros2/chatpt2/town_ws/install/village_wang' for CMake module files
[1.635s] Level 1:colcon.colcon_core.environment:checking '/home/ying/ros2/chatpt2/town_ws/install/village_wang' for CMake config files
[1.635s] Level 1:colcon.colcon_core.shell:create_environment_hook('village_wang', 'cmake_prefix_path')
[1.636s] INFO:colcon.colcon_core.shell:Creating environment hook '/home/ying/ros2/chatpt2/town_ws/install/village_wang/share/village_wang/hook/cmake_prefix_path.ps1'
[1.637s] INFO:colcon.colcon_core.shell:Creating environment descriptor '/home/ying/ros2/chatpt2/town_ws/install/village_wang/share/village_wang/hook/cmake_prefix_path.dsv'
[1.638s] INFO:colcon.colcon_core.shell:Creating environment hook '/home/ying/ros2/chatpt2/town_ws/install/village_wang/share/village_wang/hook/cmake_prefix_path.sh'
[1.639s] Level 1:colcon.colcon_core.environment:checking '/home/ying/ros2/chatpt2/town_ws/install/village_wang/lib'
[1.640s] Level 1:colcon.colcon_core.environment:checking '/home/ying/ros2/chatpt2/town_ws/install/village_wang/bin'
[1.640s] Level 1:colcon.colcon_core.environment:checking '/home/ying/ros2/chatpt2/town_ws/install/village_wang/lib/pkgconfig/village_wang.pc'
[1.640s] Level 1:colcon.colcon_core.environment:checking '/home/ying/ros2/chatpt2/town_ws/install/village_wang/lib/python3.10/site-packages'
[1.641s] Level 1:colcon.colcon_core.environment:checking '/home/ying/ros2/chatpt2/town_ws/install/village_wang/bin'
[1.641s] INFO:colcon.colcon_core.shell:Creating package script '/home/ying/ros2/chatpt2/town_ws/install/village_wang/share/village_wang/package.ps1'
[1.642s] INFO:colcon.colcon_core.shell:Creating package descriptor '/home/ying/ros2/chatpt2/town_ws/install/village_wang/share/village_wang/package.dsv'
[1.644s] INFO:colcon.colcon_core.shell:Creating package script '/home/ying/ros2/chatpt2/town_ws/install/village_wang/share/village_wang/package.sh'
[1.647s] INFO:colcon.colcon_core.shell:Creating package script '/home/ying/ros2/chatpt2/town_ws/install/village_wang/share/village_wang/package.bash'
[1.648s] INFO:colcon.colcon_core.shell:Creating package script '/home/ying/ros2/chatpt2/town_ws/install/village_wang/share/village_wang/package.zsh'
[1.650s] Level 1:colcon.colcon_core.environment:create_file_with_runtime_dependencies(/home/ying/ros2/chatpt2/town_ws/install/village_wang/share/colcon-core/packages/village_wang)
[1.652s] Level 1:colcon.colcon_core.environment:create_environment_scripts_only(village_wang)
[1.653s] Level 1:colcon.colcon_core.environment:checking '/home/ying/ros2/chatpt2/town_ws/install/village_wang' for CMake module files
[1.653s] Level 1:colcon.colcon_core.environment:checking '/home/ying/ros2/chatpt2/town_ws/install/village_wang' for CMake config files
[1.654s] Level 1:colcon.colcon_core.shell:create_environment_hook('village_wang', 'cmake_prefix_path')
[1.654s] INFO:colcon.colcon_core.shell:Creating environment hook '/home/ying/ros2/chatpt2/town_ws/install/village_wang/share/village_wang/hook/cmake_prefix_path.ps1'
[1.656s] INFO:colcon.colcon_core.shell:Creating environment descriptor '/home/ying/ros2/chatpt2/town_ws/install/village_wang/share/village_wang/hook/cmake_prefix_path.dsv'
[1.657s] INFO:colcon.colcon_core.shell:Creating environment hook '/home/ying/ros2/chatpt2/town_ws/install/village_wang/share/village_wang/hook/cmake_prefix_path.sh'
[1.658s] Level 1:colcon.colcon_core.environment:checking '/home/ying/ros2/chatpt2/town_ws/install/village_wang/lib'
[1.658s] Level 1:colcon.colcon_core.environment:checking '/home/ying/ros2/chatpt2/town_ws/install/village_wang/bin'
[1.658s] Level 1:colcon.colcon_core.environment:checking '/home/ying/ros2/chatpt2/town_ws/install/village_wang/lib/pkgconfig/village_wang.pc'
[1.659s] Level 1:colcon.colcon_core.environment:checking '/home/ying/ros2/chatpt2/town_ws/install/village_wang/lib/python3.10/site-packages'
[1.659s] Level 1:colcon.colcon_core.environment:checking '/home/ying/ros2/chatpt2/town_ws/install/village_wang/bin'
[1.659s] INFO:colcon.colcon_core.shell:Creating package script '/home/ying/ros2/chatpt2/town_ws/install/village_wang/share/village_wang/package.ps1'
[1.660s] INFO:colcon.colcon_core.shell:Creating package descriptor '/home/ying/ros2/chatpt2/town_ws/install/village_wang/share/village_wang/package.dsv'
[1.661s] INFO:colcon.colcon_core.shell:Creating package script '/home/ying/ros2/chatpt2/town_ws/install/village_wang/share/village_wang/package.sh'
[1.662s] INFO:colcon.colcon_core.shell:Creating package script '/home/ying/ros2/chatpt2/town_ws/install/village_wang/share/village_wang/package.bash'
[1.662s] INFO:colcon.colcon_core.shell:Creating package script '/home/ying/ros2/chatpt2/town_ws/install/village_wang/share/village_wang/package.zsh'
[1.664s] Level 1:colcon.colcon_core.environment:create_file_with_runtime_dependencies(/home/ying/ros2/chatpt2/town_ws/install/village_wang/share/colcon-core/packages/village_wang)
[1.664s] DEBUG:colcon.colcon_parallel_executor.executor.parallel:closing loop
[1.665s] DEBUG:colcon.colcon_parallel_executor.executor.parallel:loop closed
[1.665s] DEBUG:colcon.colcon_parallel_executor.executor.parallel:run_until_complete finished with '0'
[1.665s] DEBUG:colcon.colcon_core.event_reactor:joining thread
[1.675s] INFO:colcon.colcon_core.plugin_system:Skipping extension 'colcon_notification.desktop_notification.terminal_notifier': Not used on non-Darwin systems
[1.676s] INFO:colcon.colcon_core.plugin_system:Skipping extension 'colcon_notification.desktop_notification.win32': Not used on non-Windows systems
[1.676s] INFO:colcon.colcon_notification.desktop_notification:Sending desktop notification using 'notify2'
[1.730s] DEBUG:colcon.colcon_core.event_reactor:joined thread
[1.730s] INFO:colcon.colcon_core.shell:Creating prefix script '/home/ying/ros2/chatpt2/town_ws/install/local_setup.ps1'
[1.732s] INFO:colcon.colcon_core.shell:Creating prefix util module '/home/ying/ros2/chatpt2/town_ws/install/_local_setup_util_ps1.py'
[1.737s] INFO:colcon.colcon_core.shell:Creating prefix chain script '/home/ying/ros2/chatpt2/town_ws/install/setup.ps1'
[1.740s] INFO:colcon.colcon_core.shell:Creating prefix script '/home/ying/ros2/chatpt2/town_ws/install/local_setup.sh'
[1.745s] INFO:colcon.colcon_core.shell:Creating prefix util module '/home/ying/ros2/chatpt2/town_ws/install/_local_setup_util_sh.py'
[1.747s] INFO:colcon.colcon_core.shell:Creating prefix chain script '/home/ying/ros2/chatpt2/town_ws/install/setup.sh'
[1.749s] INFO:colcon.colcon_core.shell:Creating prefix script '/home/ying/ros2/chatpt2/town_ws/install/local_setup.bash'
[1.754s] INFO:colcon.colcon_core.shell:Creating prefix chain script '/home/ying/ros2/chatpt2/town_ws/install/setup.bash'
[1.762s] INFO:colcon.colcon_core.shell:Creating prefix script '/home/ying/ros2/chatpt2/town_ws/install/local_setup.zsh'
[1.765s] INFO:colcon.colcon_core.shell:Creating prefix chain script '/home/ying/ros2/chatpt2/town_ws/install/setup.zsh'
