[0.029s] Invoking command in '/home/ying/ros2/chatpt2/town_ws/build/village_wang': CMAKE_PREFIX_PATH=${CMAKE_PREFIX_PATH}:/home/ying/ros2/chatpt2/town_ws/install/village_li:/opt/ros/humble /usr/bin/cmake --build /home/ying/ros2/chatpt2/town_ws/build/village_wang -- -j2 -l2
[0.064s] [0mCMake Error: The current CMakeCache.txt directory /home/ying/ros2/chatpt2/town_ws/build/village_wang/CMakeCache.txt is different than the directory /home/ying/d2lros2/chatpt2/town_ws/build/village_wang where CMakeCache.txt was created. This may result in binaries being created in the wrong place. If you are not sure, reedit the CMakeCache.txt[0m
[0.284s] [100%] Built target wang2_node
[0.304s] Invoked command in '/home/ying/ros2/chatpt2/town_ws/build/village_wang' returned '0': CMAKE_PREFIX_PATH=${CMAKE_PREFIX_PATH}:/home/ying/ros2/chatpt2/town_ws/install/village_li:/opt/ros/humble /usr/bin/cmake --build /home/ying/ros2/chatpt2/town_ws/build/village_wang -- -j2 -l2
[0.340s] Invoking command in '/home/ying/ros2/chatpt2/town_ws/build/village_wang': CMAKE_PREFIX_PATH=${CMAKE_PREFIX_PATH}:/home/ying/ros2/chatpt2/town_ws/install/village_li:/opt/ros/humble /usr/bin/cmake --install /home/ying/ros2/chatpt2/town_ws/build/village_wang
[0.372s] -- Install configuration: ""
[0.372s] -- Up-to-date: /home/ying/d2lros2/chatpt2/town_ws/install/village_wang/share/ament_index/resource_index/package_run_dependencies/village_wang
[0.372s] -- Up-to-date: /home/ying/d2lros2/chatpt2/town_ws/install/village_wang/share/ament_index/resource_index/parent_prefix_path/village_wang
[0.372s] -- Up-to-date: /home/ying/d2lros2/chatpt2/town_ws/install/village_wang/share/village_wang/environment/ament_prefix_path.sh
[0.372s] -- Up-to-date: /home/ying/d2lros2/chatpt2/town_ws/install/village_wang/share/village_wang/environment/ament_prefix_path.dsv
[0.372s] -- Up-to-date: /home/ying/d2lros2/chatpt2/town_ws/install/village_wang/share/village_wang/environment/path.sh
[0.373s] -- Up-to-date: /home/ying/d2lros2/chatpt2/town_ws/install/village_wang/share/village_wang/environment/path.dsv
[0.377s] -- Up-to-date: /home/ying/d2lros2/chatpt2/town_ws/install/village_wang/share/village_wang/local_setup.bash
[0.378s] -- Up-to-date: /home/ying/d2lros2/chatpt2/town_ws/install/village_wang/share/village_wang/local_setup.sh
[0.378s] -- Up-to-date: /home/ying/d2lros2/chatpt2/town_ws/install/village_wang/share/village_wang/local_setup.zsh
[0.379s] -- Up-to-date: /home/ying/d2lros2/chatpt2/town_ws/install/village_wang/share/village_wang/local_setup.dsv
[0.379s] -- Up-to-date: /home/ying/d2lros2/chatpt2/town_ws/install/village_wang/share/village_wang/package.dsv
[0.379s] -- Up-to-date: /home/ying/d2lros2/chatpt2/town_ws/install/village_wang/share/ament_index/resource_index/packages/village_wang
[0.379s] -- Up-to-date: /home/ying/d2lros2/chatpt2/town_ws/install/village_wang/share/village_wang/cmake/village_wangConfig.cmake
[0.379s] -- Up-to-date: /home/ying/d2lros2/chatpt2/town_ws/install/village_wang/share/village_wang/cmake/village_wangConfig-version.cmake
[0.379s] -- Up-to-date: /home/ying/d2lros2/chatpt2/town_ws/install/village_wang/share/village_wang/package.xml
[0.379s] -- Up-to-date: /home/ying/d2lros2/chatpt2/town_ws/install/village_wang/lib/village_wang/wang2_node
[0.383s] Invoked command in '/home/ying/ros2/chatpt2/town_ws/build/village_wang' returned '0': CMAKE_PREFIX_PATH=${CMAKE_PREFIX_PATH}:/home/ying/ros2/chatpt2/town_ws/install/village_li:/opt/ros/humble /usr/bin/cmake --install /home/ying/ros2/chatpt2/town_ws/build/village_wang
