[0.276s] DEBUG:colcon:Command line arguments: ['/usr/bin/colcon', 'build', '--packages-select', 'village_wang']
[0.276s] DEBUG:colcon:Parsed command line arguments: Namespace(log_base=None, log_level=None, verb_name='build', build_base='build', install_base='install', merge_install=False, symlink_install=False, test_result_base=None, continue_on_error=False, executor='parallel', parallel_workers=2, event_handlers=None, ignore_user_meta=False, metas=['./colcon.meta'], base_paths=['.'], packages_ignore=None, packages_ignore_regex=None, paths=None, packages_up_to=None, packages_up_to_regex=None, packages_above=None, packages_above_and_dependencies=None, packages_above_depth=None, packages_select_by_dep=None, packages_skip_by_dep=None, packages_skip_up_to=None, packages_select_build_failed=False, packages_skip_build_finished=False, packages_select_test_failures=False, packages_skip_test_passed=False, packages_select=['village_wang'], packages_skip=None, packages_select_regex=None, packages_skip_regex=None, packages_start=None, packages_end=None, allow_overriding=[], cmake_args=None, cmake_target=None, cmake_target_skip_unavailable=False, cmake_clean_cache=False, cmake_clean_first=False, cmake_force_configure=False, ament_cmake_args=None, catkin_cmake_args=None, catkin_skip_building_tests=False, verb_parser=<colcon_defaults.argument_parser.defaults.DefaultArgumentsDecorator object at 0x76b0a53a2b30>, verb_extension=<colcon_core.verb.build.BuildVerb object at 0x76b0a53a26b0>, main=<bound method BuildVerb.main of <colcon_core.verb.build.BuildVerb object at 0x76b0a53a26b0>>)
[1.219s] Level 1:colcon.colcon_core.package_discovery:discover_packages(colcon_meta) check parameters
[1.219s] Level 1:colcon.colcon_core.package_discovery:discover_packages(recursive) check parameters
[1.219s] Level 1:colcon.colcon_core.package_discovery:discover_packages(ignore) check parameters
[1.219s] Level 1:colcon.colcon_core.package_discovery:discover_packages(path) check parameters
[1.219s] Level 1:colcon.colcon_core.package_discovery:discover_packages(colcon_meta) discover
[1.220s] Level 1:colcon.colcon_core.package_discovery:discover_packages(recursive) discover
[1.220s] INFO:colcon.colcon_core.package_discovery:Crawling recursively for packages in '/home/ying/ros2/chatpt2/town_ws'
[1.220s] Level 1:colcon.colcon_core.package_identification:_identify(.) by extensions ['ignore', 'ignore_ament_install']
[1.220s] Level 1:colcon.colcon_core.package_identification:_identify(.) by extension 'ignore'
[1.220s] Level 1:colcon.colcon_core.package_identification:_identify(.) by extension 'ignore_ament_install'
[1.220s] Level 1:colcon.colcon_core.package_identification:_identify(.) by extensions ['colcon_pkg']
[1.220s] Level 1:colcon.colcon_core.package_identification:_identify(.) by extension 'colcon_pkg'
[1.220s] Level 1:colcon.colcon_core.package_identification:_identify(.) by extensions ['colcon_meta']
[1.220s] Level 1:colcon.colcon_core.package_identification:_identify(.) by extension 'colcon_meta'
[1.220s] Level 1:colcon.colcon_core.package_identification:_identify(.) by extensions ['ros']
[1.220s] Level 1:colcon.colcon_core.package_identification:_identify(.) by extension 'ros'
[1.258s] Level 1:colcon.colcon_core.package_identification:_identify(.) by extensions ['cmake', 'python']
[1.258s] Level 1:colcon.colcon_core.package_identification:_identify(.) by extension 'cmake'
[1.258s] Level 1:colcon.colcon_core.package_identification:_identify(.) by extension 'python'
[1.258s] Level 1:colcon.colcon_core.package_identification:_identify(.) by extensions ['python_setup_py']
[1.258s] Level 1:colcon.colcon_core.package_identification:_identify(.) by extension 'python_setup_py'
[1.259s] Level 1:colcon.colcon_core.package_identification:_identify(build) by extensions ['ignore', 'ignore_ament_install']
[1.259s] Level 1:colcon.colcon_core.package_identification:_identify(build) by extension 'ignore'
[1.259s] Level 1:colcon.colcon_core.package_identification:_identify(build) ignored
[1.259s] Level 1:colcon.colcon_core.package_identification:_identify(install) by extensions ['ignore', 'ignore_ament_install']
[1.259s] Level 1:colcon.colcon_core.package_identification:_identify(install) by extension 'ignore'
[1.259s] Level 1:colcon.colcon_core.package_identification:_identify(install) ignored
[1.259s] Level 1:colcon.colcon_core.package_identification:_identify(log) by extensions ['ignore', 'ignore_ament_install']
[1.260s] Level 1:colcon.colcon_core.package_identification:_identify(log) by extension 'ignore'
[1.260s] Level 1:colcon.colcon_core.package_identification:_identify(log) ignored
[1.260s] Level 1:colcon.colcon_core.package_identification:_identify(src) by extensions ['ignore', 'ignore_ament_install']
[1.260s] Level 1:colcon.colcon_core.package_identification:_identify(src) by extension 'ignore'
[1.260s] Level 1:colcon.colcon_core.package_identification:_identify(src) by extension 'ignore_ament_install'
[1.260s] Level 1:colcon.colcon_core.package_identification:_identify(src) by extensions ['colcon_pkg']
[1.260s] Level 1:colcon.colcon_core.package_identification:_identify(src) by extension 'colcon_pkg'
[1.260s] Level 1:colcon.colcon_core.package_identification:_identify(src) by extensions ['colcon_meta']
[1.260s] Level 1:colcon.colcon_core.package_identification:_identify(src) by extension 'colcon_meta'
[1.260s] Level 1:colcon.colcon_core.package_identification:_identify(src) by extensions ['ros']
[1.260s] Level 1:colcon.colcon_core.package_identification:_identify(src) by extension 'ros'
[1.260s] Level 1:colcon.colcon_core.package_identification:_identify(src) by extensions ['cmake', 'python']
[1.260s] Level 1:colcon.colcon_core.package_identification:_identify(src) by extension 'cmake'
[1.260s] Level 1:colcon.colcon_core.package_identification:_identify(src) by extension 'python'
[1.260s] Level 1:colcon.colcon_core.package_identification:_identify(src) by extensions ['python_setup_py']
[1.260s] Level 1:colcon.colcon_core.package_identification:_identify(src) by extension 'python_setup_py'
[1.261s] Level 1:colcon.colcon_core.package_identification:_identify(src/village_li) by extensions ['ignore', 'ignore_ament_install']
[1.261s] Level 1:colcon.colcon_core.package_identification:_identify(src/village_li) by extension 'ignore'
[1.261s] Level 1:colcon.colcon_core.package_identification:_identify(src/village_li) by extension 'ignore_ament_install'
[1.262s] Level 1:colcon.colcon_core.package_identification:_identify(src/village_li) by extensions ['colcon_pkg']
[1.262s] Level 1:colcon.colcon_core.package_identification:_identify(src/village_li) by extension 'colcon_pkg'
[1.262s] Level 1:colcon.colcon_core.package_identification:_identify(src/village_li) by extensions ['colcon_meta']
[1.262s] Level 1:colcon.colcon_core.package_identification:_identify(src/village_li) by extension 'colcon_meta'
[1.262s] Level 1:colcon.colcon_core.package_identification:_identify(src/village_li) by extensions ['ros']
[1.262s] Level 1:colcon.colcon_core.package_identification:_identify(src/village_li) by extension 'ros'
[1.271s] DEBUG:colcon.colcon_core.package_identification:Package 'src/village_li' with type 'ros.ament_python' and name 'village_li'
[1.271s] Level 1:colcon.colcon_core.package_identification:_identify(src/village_wang) by extensions ['ignore', 'ignore_ament_install']
[1.271s] Level 1:colcon.colcon_core.package_identification:_identify(src/village_wang) by extension 'ignore'
[1.271s] Level 1:colcon.colcon_core.package_identification:_identify(src/village_wang) by extension 'ignore_ament_install'
[1.271s] Level 1:colcon.colcon_core.package_identification:_identify(src/village_wang) by extensions ['colcon_pkg']
[1.271s] Level 1:colcon.colcon_core.package_identification:_identify(src/village_wang) by extension 'colcon_pkg'
[1.271s] Level 1:colcon.colcon_core.package_identification:_identify(src/village_wang) by extensions ['colcon_meta']
[1.271s] Level 1:colcon.colcon_core.package_identification:_identify(src/village_wang) by extension 'colcon_meta'
[1.272s] Level 1:colcon.colcon_core.package_identification:_identify(src/village_wang) by extensions ['ros']
[1.272s] Level 1:colcon.colcon_core.package_identification:_identify(src/village_wang) by extension 'ros'
[1.273s] DEBUG:colcon.colcon_core.package_identification:Package 'src/village_wang' with type 'ros.ament_cmake' and name 'village_wang'
[1.273s] Level 1:colcon.colcon_core.package_discovery:discover_packages(recursive) using defaults
[1.273s] Level 1:colcon.colcon_core.package_discovery:discover_packages(ignore) discover
[1.273s] Level 1:colcon.colcon_core.package_discovery:discover_packages(ignore) using defaults
[1.273s] Level 1:colcon.colcon_core.package_discovery:discover_packages(path) discover
[1.273s] Level 1:colcon.colcon_core.package_discovery:discover_packages(path) using defaults
[1.337s] INFO:colcon.colcon_core.package_selection:Skipping not selected package 'village_li' in 'src/village_li'
[1.343s] Level 1:colcon.colcon_core.package_discovery:discover_packages(prefix_path) check parameters
[1.345s] Level 1:colcon.colcon_core.package_discovery:discover_packages(prefix_path) discover
[1.360s] DEBUG:colcon.colcon_installed_package_information.package_discovery:Found 2 installed packages in /home/ying/ros2/chatpt2/town_ws/install
[1.361s] DEBUG:colcon.colcon_installed_package_information.package_discovery:Found 1 installed packages in /home/ying/ros2/chatpt2/town_ws/src/village_wang/install
[1.366s] DEBUG:colcon.colcon_installed_package_information.package_discovery:Found 271 installed packages in /opt/ros/humble
[1.371s] Level 1:colcon.colcon_core.package_discovery:discover_packages(prefix_path) using defaults
[1.713s] Level 5:colcon.colcon_core.verb:set package 'village_wang' build argument 'cmake_args' from command line to 'None'
[1.713s] Level 5:colcon.colcon_core.verb:set package 'village_wang' build argument 'cmake_target' from command line to 'None'
[1.713s] Level 5:colcon.colcon_core.verb:set package 'village_wang' build argument 'cmake_target_skip_unavailable' from command line to 'False'
[1.713s] Level 5:colcon.colcon_core.verb:set package 'village_wang' build argument 'cmake_clean_cache' from command line to 'False'
[1.713s] Level 5:colcon.colcon_core.verb:set package 'village_wang' build argument 'cmake_clean_first' from command line to 'False'
[1.713s] Level 5:colcon.colcon_core.verb:set package 'village_wang' build argument 'cmake_force_configure' from command line to 'False'
[1.713s] Level 5:colcon.colcon_core.verb:set package 'village_wang' build argument 'ament_cmake_args' from command line to 'None'
[1.713s] Level 5:colcon.colcon_core.verb:set package 'village_wang' build argument 'catkin_cmake_args' from command line to 'None'
[1.713s] Level 5:colcon.colcon_core.verb:set package 'village_wang' build argument 'catkin_skip_building_tests' from command line to 'False'
[1.714s] DEBUG:colcon.colcon_core.verb:Building package 'village_wang' with the following arguments: {'ament_cmake_args': None, 'build_base': '/home/ying/ros2/chatpt2/town_ws/build/village_wang', 'catkin_cmake_args': None, 'catkin_skip_building_tests': False, 'cmake_args': None, 'cmake_clean_cache': False, 'cmake_clean_first': False, 'cmake_force_configure': False, 'cmake_target': None, 'cmake_target_skip_unavailable': False, 'install_base': '/home/ying/ros2/chatpt2/town_ws/install/village_wang', 'merge_install': False, 'path': '/home/ying/ros2/chatpt2/town_ws/src/village_wang', 'symlink_install': False, 'test_result_base': None}
[1.714s] INFO:colcon.colcon_core.executor:Executing jobs using 'parallel' executor
[1.716s] DEBUG:colcon.colcon_parallel_executor.executor.parallel:run_until_complete
[1.717s] INFO:colcon.colcon_ros.task.ament_cmake.build:Building ROS package in '/home/ying/ros2/chatpt2/town_ws/src/village_wang' with build type 'ament_cmake'
[1.717s] INFO:colcon.colcon_cmake.task.cmake.build:Building CMake package in '/home/ying/ros2/chatpt2/town_ws/src/village_wang'
[1.738s] INFO:colcon.colcon_core.plugin_system:Skipping extension 'colcon_core.shell.bat': Not used on non-Windows systems
[1.739s] INFO:colcon.colcon_core.shell:Skip shell extension 'powershell' for command environment: Not usable outside of PowerShell
[1.739s] DEBUG:colcon.colcon_core.shell:Skip shell extension 'dsv' for command environment
[1.784s] DEBUG:colcon.colcon_core.event_handler.log_command:Invoking command in '/home/ying/ros2/chatpt2/town_ws/build/village_wang': CMAKE_PREFIX_PATH=${CMAKE_PREFIX_PATH}:/home/ying/ros2/chatpt2/town_ws/install/village_li:/opt/ros/humble /usr/bin/cmake --build /home/ying/ros2/chatpt2/town_ws/build/village_wang -- -j2 -l2
[2.049s] DEBUG:colcon.colcon_core.event_handler.log_command:Invoked command in '/home/ying/ros2/chatpt2/town_ws/build/village_wang' returned '0': CMAKE_PREFIX_PATH=${CMAKE_PREFIX_PATH}:/home/ying/ros2/chatpt2/town_ws/install/village_li:/opt/ros/humble /usr/bin/cmake --build /home/ying/ros2/chatpt2/town_ws/build/village_wang -- -j2 -l2
[2.090s] DEBUG:colcon.colcon_core.event_handler.log_command:Invoking command in '/home/ying/ros2/chatpt2/town_ws/build/village_wang': CMAKE_PREFIX_PATH=${CMAKE_PREFIX_PATH}:/home/ying/ros2/chatpt2/town_ws/install/village_li:/opt/ros/humble /usr/bin/cmake --install /home/ying/ros2/chatpt2/town_ws/build/village_wang
[2.125s] Level 1:colcon.colcon_core.environment:create_environment_scripts_only(village_wang)
[2.127s] DEBUG:colcon.colcon_core.event_handler.log_command:Invoked command in '/home/ying/ros2/chatpt2/town_ws/build/village_wang' returned '0': CMAKE_PREFIX_PATH=${CMAKE_PREFIX_PATH}:/home/ying/ros2/chatpt2/town_ws/install/village_li:/opt/ros/humble /usr/bin/cmake --install /home/ying/ros2/chatpt2/town_ws/build/village_wang
[2.148s] Level 1:colcon.colcon_core.environment:checking '/home/ying/ros2/chatpt2/town_ws/install/village_wang' for CMake module files
[2.150s] Level 1:colcon.colcon_core.environment:checking '/home/ying/ros2/chatpt2/town_ws/install/village_wang' for CMake config files
[2.151s] Level 1:colcon.colcon_core.shell:create_environment_hook('village_wang', 'cmake_prefix_path')
[2.152s] INFO:colcon.colcon_core.shell:Creating environment hook '/home/ying/ros2/chatpt2/town_ws/install/village_wang/share/village_wang/hook/cmake_prefix_path.ps1'
[2.154s] INFO:colcon.colcon_core.shell:Creating environment descriptor '/home/ying/ros2/chatpt2/town_ws/install/village_wang/share/village_wang/hook/cmake_prefix_path.dsv'
[2.156s] INFO:colcon.colcon_core.shell:Creating environment hook '/home/ying/ros2/chatpt2/town_ws/install/village_wang/share/village_wang/hook/cmake_prefix_path.sh'
[2.160s] Level 1:colcon.colcon_core.environment:checking '/home/ying/ros2/chatpt2/town_ws/install/village_wang/lib'
[2.160s] Level 1:colcon.colcon_core.environment:checking '/home/ying/ros2/chatpt2/town_ws/install/village_wang/bin'
[2.160s] Level 1:colcon.colcon_core.environment:checking '/home/ying/ros2/chatpt2/town_ws/install/village_wang/lib/pkgconfig/village_wang.pc'
[2.161s] Level 1:colcon.colcon_core.environment:checking '/home/ying/ros2/chatpt2/town_ws/install/village_wang/lib/python3.10/site-packages'
[2.161s] Level 1:colcon.colcon_core.environment:checking '/home/ying/ros2/chatpt2/town_ws/install/village_wang/bin'
[2.162s] INFO:colcon.colcon_core.shell:Creating package script '/home/ying/ros2/chatpt2/town_ws/install/village_wang/share/village_wang/package.ps1'
[2.165s] INFO:colcon.colcon_core.shell:Creating package descriptor '/home/ying/ros2/chatpt2/town_ws/install/village_wang/share/village_wang/package.dsv'
[2.169s] INFO:colcon.colcon_core.shell:Creating package script '/home/ying/ros2/chatpt2/town_ws/install/village_wang/share/village_wang/package.sh'
[2.173s] INFO:colcon.colcon_core.shell:Creating package script '/home/ying/ros2/chatpt2/town_ws/install/village_wang/share/village_wang/package.bash'
[2.178s] INFO:colcon.colcon_core.shell:Creating package script '/home/ying/ros2/chatpt2/town_ws/install/village_wang/share/village_wang/package.zsh'
[2.180s] Level 1:colcon.colcon_core.environment:create_file_with_runtime_dependencies(/home/ying/ros2/chatpt2/town_ws/install/village_wang/share/colcon-core/packages/village_wang)
[2.182s] Level 1:colcon.colcon_core.environment:create_environment_scripts_only(village_wang)
[2.183s] Level 1:colcon.colcon_core.environment:checking '/home/ying/ros2/chatpt2/town_ws/install/village_wang' for CMake module files
[2.183s] Level 1:colcon.colcon_core.environment:checking '/home/ying/ros2/chatpt2/town_ws/install/village_wang' for CMake config files
[2.184s] Level 1:colcon.colcon_core.shell:create_environment_hook('village_wang', 'cmake_prefix_path')
[2.185s] INFO:colcon.colcon_core.shell:Creating environment hook '/home/ying/ros2/chatpt2/town_ws/install/village_wang/share/village_wang/hook/cmake_prefix_path.ps1'
[2.186s] INFO:colcon.colcon_core.shell:Creating environment descriptor '/home/ying/ros2/chatpt2/town_ws/install/village_wang/share/village_wang/hook/cmake_prefix_path.dsv'
[2.187s] INFO:colcon.colcon_core.shell:Creating environment hook '/home/ying/ros2/chatpt2/town_ws/install/village_wang/share/village_wang/hook/cmake_prefix_path.sh'
[2.188s] Level 1:colcon.colcon_core.environment:checking '/home/ying/ros2/chatpt2/town_ws/install/village_wang/lib'
[2.188s] Level 1:colcon.colcon_core.environment:checking '/home/ying/ros2/chatpt2/town_ws/install/village_wang/bin'
[2.188s] Level 1:colcon.colcon_core.environment:checking '/home/ying/ros2/chatpt2/town_ws/install/village_wang/lib/pkgconfig/village_wang.pc'
[2.188s] Level 1:colcon.colcon_core.environment:checking '/home/ying/ros2/chatpt2/town_ws/install/village_wang/lib/python3.10/site-packages'
[2.188s] Level 1:colcon.colcon_core.environment:checking '/home/ying/ros2/chatpt2/town_ws/install/village_wang/bin'
[2.188s] INFO:colcon.colcon_core.shell:Creating package script '/home/ying/ros2/chatpt2/town_ws/install/village_wang/share/village_wang/package.ps1'
[2.191s] INFO:colcon.colcon_core.shell:Creating package descriptor '/home/ying/ros2/chatpt2/town_ws/install/village_wang/share/village_wang/package.dsv'
[2.192s] INFO:colcon.colcon_core.shell:Creating package script '/home/ying/ros2/chatpt2/town_ws/install/village_wang/share/village_wang/package.sh'
[2.193s] INFO:colcon.colcon_core.shell:Creating package script '/home/ying/ros2/chatpt2/town_ws/install/village_wang/share/village_wang/package.bash'
[2.195s] INFO:colcon.colcon_core.shell:Creating package script '/home/ying/ros2/chatpt2/town_ws/install/village_wang/share/village_wang/package.zsh'
[2.195s] Level 1:colcon.colcon_core.environment:create_file_with_runtime_dependencies(/home/ying/ros2/chatpt2/town_ws/install/village_wang/share/colcon-core/packages/village_wang)
[2.198s] DEBUG:colcon.colcon_parallel_executor.executor.parallel:closing loop
[2.198s] DEBUG:colcon.colcon_parallel_executor.executor.parallel:loop closed
[2.198s] DEBUG:colcon.colcon_parallel_executor.executor.parallel:run_until_complete finished with '0'
[2.198s] DEBUG:colcon.colcon_core.event_reactor:joining thread
[2.215s] INFO:colcon.colcon_core.plugin_system:Skipping extension 'colcon_notification.desktop_notification.terminal_notifier': Not used on non-Darwin systems
[2.215s] INFO:colcon.colcon_core.plugin_system:Skipping extension 'colcon_notification.desktop_notification.win32': Not used on non-Windows systems
[2.215s] INFO:colcon.colcon_notification.desktop_notification:Sending desktop notification using 'notify2'
[2.242s] DEBUG:colcon.colcon_core.event_reactor:joined thread
[2.242s] INFO:colcon.colcon_core.shell:Creating prefix script '/home/ying/ros2/chatpt2/town_ws/install/local_setup.ps1'
[2.245s] INFO:colcon.colcon_core.shell:Creating prefix util module '/home/ying/ros2/chatpt2/town_ws/install/_local_setup_util_ps1.py'
[2.249s] INFO:colcon.colcon_core.shell:Creating prefix chain script '/home/ying/ros2/chatpt2/town_ws/install/setup.ps1'
[2.254s] INFO:colcon.colcon_core.shell:Creating prefix script '/home/ying/ros2/chatpt2/town_ws/install/local_setup.sh'
[2.255s] INFO:colcon.colcon_core.shell:Creating prefix util module '/home/ying/ros2/chatpt2/town_ws/install/_local_setup_util_sh.py'
[2.256s] INFO:colcon.colcon_core.shell:Creating prefix chain script '/home/ying/ros2/chatpt2/town_ws/install/setup.sh'
[2.260s] INFO:colcon.colcon_core.shell:Creating prefix script '/home/ying/ros2/chatpt2/town_ws/install/local_setup.bash'
[2.264s] INFO:colcon.colcon_core.shell:Creating prefix chain script '/home/ying/ros2/chatpt2/town_ws/install/setup.bash'
[2.269s] INFO:colcon.colcon_core.shell:Creating prefix script '/home/ying/ros2/chatpt2/town_ws/install/local_setup.zsh'
[2.277s] INFO:colcon.colcon_core.shell:Creating prefix chain script '/home/ying/ros2/chatpt2/town_ws/install/setup.zsh'
