[0.018s] Invoking command in '/home/ying/d2lros2/chapt3/chapt3_ws/build/example_topic_rclcpp': CMAKE_PREFIX_PATH=/opt/ros/humble /usr/bin/cmake --build /home/ying/d2lros2/chapt3/chapt3_ws/build/example_topic_rclcpp -- -j2 -l2
[0.055s] -- Found ament_cmake: 1.3.11 (/opt/ros/humble/share/ament_cmake/cmake)
[0.257s] -- Found rclcpp: 16.0.11 (/opt/ros/humble/share/rclcpp/cmake)
[0.319s] -- Found rosidl_generator_c: 3.1.6 (/opt/ros/humble/share/rosidl_generator_c/cmake)
[0.325s] -- Found rosidl_adapter: 3.1.6 (/opt/ros/humble/share/rosidl_adapter/cmake)
[0.342s] -- Found rosidl_generator_cpp: 3.1.6 (/opt/ros/humble/share/rosidl_generator_cpp/cmake)
[0.367s] -- Using all available rosidl_typesupport_c: rosidl_typesupport_fastrtps_c;rosidl_typesupport_introspection_c
[0.397s] -- Using all available rosidl_typesupport_cpp: rosidl_typesupport_fastrtps_cpp;rosidl_typesupport_introspection_cpp
[0.485s] -- Found rmw_implementation_cmake: 6.1.2 (/opt/ros/humble/share/rmw_implementation_cmake/cmake)
[0.489s] -- Found rmw_fastrtps_cpp: 6.2.7 (/opt/ros/humble/share/rmw_fastrtps_cpp/cmake)
[0.640s] -- Using RMW implementation 'rmw_fastrtps_cpp' as default
[0.723s] -- Found ament_lint_auto: 0.12.11 (/opt/ros/humble/share/ament_lint_auto/cmake)
[0.821s] -- Added test 'cppcheck' to perform static code analysis on C / C++ code
[0.821s] -- Configured cppcheck include dirs: 
[0.821s] -- Configured cppcheck exclude dirs and/or files: 
[0.823s] -- Added test 'lint_cmake' to check CMake code style
[0.825s] -- Added test 'uncrustify' to check C / C++ code style
[0.825s] -- Configured uncrustify additional arguments: 
[0.825s] -- Added test 'xmllint' to check XML markup files
[0.829s] -- Configuring done
[0.847s] -- Generating done
[0.854s] -- Build files have been written to: /home/ying/d2lros2/chapt3/chapt3_ws/build/example_topic_rclcpp
[0.897s] [35m[1mConsolidate compiler generated dependencies of target topic_publisher_01[0m
[0.920s] [ 25%] [32mBuilding CXX object CMakeFiles/topic_subscribe_01.dir/src/topic_subscribe_01.cpp.o[0m
[0.925s] [ 75%] Built target topic_publisher_01
[4.551s] [100%] [32m[1mLinking CXX executable topic_subscribe_01[0m
[4.729s] [100%] Built target topic_subscribe_01
[4.744s] Invoked command in '/home/ying/d2lros2/chapt3/chapt3_ws/build/example_topic_rclcpp' returned '0': CMAKE_PREFIX_PATH=/opt/ros/humble /usr/bin/cmake --build /home/ying/d2lros2/chapt3/chapt3_ws/build/example_topic_rclcpp -- -j2 -l2
[4.759s] Invoking command in '/home/ying/d2lros2/chapt3/chapt3_ws/build/example_topic_rclcpp': CMAKE_PREFIX_PATH=/opt/ros/humble /usr/bin/cmake --install /home/ying/d2lros2/chapt3/chapt3_ws/build/example_topic_rclcpp
[4.772s] -- Install configuration: ""
[4.772s] -- Up-to-date: /home/ying/d2lros2/chapt3/chapt3_ws/install/example_topic_rclcpp/share/ament_index/resource_index/package_run_dependencies/example_topic_rclcpp
[4.773s] -- Up-to-date: /home/ying/d2lros2/chapt3/chapt3_ws/install/example_topic_rclcpp/share/ament_index/resource_index/parent_prefix_path/example_topic_rclcpp
[4.773s] -- Up-to-date: /home/ying/d2lros2/chapt3/chapt3_ws/install/example_topic_rclcpp/share/example_topic_rclcpp/environment/ament_prefix_path.sh
[4.773s] -- Installing: /home/ying/d2lros2/chapt3/chapt3_ws/install/example_topic_rclcpp/share/example_topic_rclcpp/environment/ament_prefix_path.dsv
[4.774s] -- Up-to-date: /home/ying/d2lros2/chapt3/chapt3_ws/install/example_topic_rclcpp/share/example_topic_rclcpp/environment/path.sh
[4.775s] -- Installing: /home/ying/d2lros2/chapt3/chapt3_ws/install/example_topic_rclcpp/share/example_topic_rclcpp/environment/path.dsv
[4.775s] -- Up-to-date: /home/ying/d2lros2/chapt3/chapt3_ws/install/example_topic_rclcpp/share/example_topic_rclcpp/local_setup.bash
[4.775s] -- Up-to-date: /home/ying/d2lros2/chapt3/chapt3_ws/install/example_topic_rclcpp/share/example_topic_rclcpp/local_setup.sh
[4.775s] -- Up-to-date: /home/ying/d2lros2/chapt3/chapt3_ws/install/example_topic_rclcpp/share/example_topic_rclcpp/local_setup.zsh
[4.775s] -- Installing: /home/ying/d2lros2/chapt3/chapt3_ws/install/example_topic_rclcpp/share/example_topic_rclcpp/local_setup.dsv
[4.775s] -- Installing: /home/ying/d2lros2/chapt3/chapt3_ws/install/example_topic_rclcpp/share/example_topic_rclcpp/package.dsv
[4.775s] -- Up-to-date: /home/ying/d2lros2/chapt3/chapt3_ws/install/example_topic_rclcpp/share/ament_index/resource_index/packages/example_topic_rclcpp
[4.775s] -- Up-to-date: /home/ying/d2lros2/chapt3/chapt3_ws/install/example_topic_rclcpp/share/example_topic_rclcpp/cmake/example_topic_rclcppConfig.cmake
[4.776s] -- Up-to-date: /home/ying/d2lros2/chapt3/chapt3_ws/install/example_topic_rclcpp/share/example_topic_rclcpp/cmake/example_topic_rclcppConfig-version.cmake
[4.776s] -- Up-to-date: /home/ying/d2lros2/chapt3/chapt3_ws/install/example_topic_rclcpp/share/example_topic_rclcpp/package.xml
[4.779s] -- Up-to-date: /home/ying/d2lros2/chapt3/chapt3_ws/install/example_topic_rclcpp/lib/example_topic_rclcpp/topic_publisher_01
[4.779s] -- Installing: /home/ying/d2lros2/chapt3/chapt3_ws/install/example_topic_rclcpp/lib/example_topic_rclcpp/topic_subscribe_01
[4.779s] -- Set runtime path of "/home/ying/d2lros2/chapt3/chapt3_ws/install/example_topic_rclcpp/lib/example_topic_rclcpp/topic_subscribe_01" to ""
[4.781s] Invoked command in '/home/ying/d2lros2/chapt3/chapt3_ws/build/example_topic_rclcpp' returned '0': CMAKE_PREFIX_PATH=/opt/ros/humble /usr/bin/cmake --install /home/ying/d2lros2/chapt3/chapt3_ws/build/example_topic_rclcpp
