[0.044s] Invoking command in '/home/ying/ros2/chatpt2/town_ws/src/village_wang/build/village_wang': CMAKE_PREFIX_PATH=/opt/ros/humble /usr/bin/cmake /home/ying/ros2/chatpt2/town_ws/src/village_wang -DCMAKE_INSTALL_PREFIX=/home/ying/ros2/chatpt2/town_ws/src/village_wang/install/village_wang
[0.658s] -- The C compiler identification is GNU 11.4.0
[0.970s] -- The CXX compiler identification is GNU 11.4.0
[1.007s] -- Detecting C compiler ABI info
[1.196s] -- Detecting C compiler ABI info - done
[1.205s] -- Check for working C compiler: /usr/bin/cc - skipped
[1.206s] -- Detecting C compile features
[1.208s] -- Detecting C compile features - done
[1.218s] -- Detecting CXX compiler ABI info
[1.397s] -- Detecting CXX compiler ABI info - done
[1.405s] -- Check for working CXX compiler: /usr/bin/c++ - skipped
[1.405s] -- Detecting CXX compile features
[1.406s] -- Detecting CXX compile features - done
[1.434s] -- Found ament_cmake: 1.3.11 (/opt/ros/humble/share/ament_cmake/cmake)
[1.829s] -- Found Python3: /usr/bin/python3 (found version "3.10.12") found components: Interpreter 
[2.134s] -- Found rclcpp: 16.0.11 (/opt/ros/humble/share/rclcpp/cmake)
[2.306s] -- Found rosidl_generator_c: 3.1.6 (/opt/ros/humble/share/rosidl_generator_c/cmake)
[2.325s] -- Found rosidl_adapter: 3.1.6 (/opt/ros/humble/share/rosidl_adapter/cmake)
[2.356s] -- Found rosidl_generator_cpp: 3.1.6 (/opt/ros/humble/share/rosidl_generator_cpp/cmake)
[2.405s] -- Using all available rosidl_typesupport_c: rosidl_typesupport_fastrtps_c;rosidl_typesupport_introspection_c
[2.472s] -- Using all available rosidl_typesupport_cpp: rosidl_typesupport_fastrtps_cpp;rosidl_typesupport_introspection_cpp
[2.702s] -- Found rmw_implementation_cmake: 6.1.2 (/opt/ros/humble/share/rmw_implementation_cmake/cmake)
[2.724s] -- Found rmw_fastrtps_cpp: 6.2.7 (/opt/ros/humble/share/rmw_fastrtps_cpp/cmake)
[2.969s] -- Found OpenSSL: /usr/lib/x86_64-linux-gnu/libcrypto.so (found version "3.0.2")  
[3.014s] -- Found FastRTPS: /opt/ros/humble/include  
[3.066s] -- Using RMW implementation 'rmw_fastrtps_cpp' as default
[3.093s] -- Looking for pthread.h
[3.321s] -- Looking for pthread.h - found
[3.323s] -- Performing Test CMAKE_HAVE_LIBC_PTHREAD
[3.539s] -- Performing Test CMAKE_HAVE_LIBC_PTHREAD - Success
[3.539s] -- Found Threads: TRUE  
[3.725s] -- Found ament_lint_auto: 0.12.11 (/opt/ros/humble/share/ament_lint_auto/cmake)
[3.924s] -- Added test 'cppcheck' to perform static code analysis on C / C++ code
[3.924s] -- Configured cppcheck include dirs: 
[3.924s] -- Configured cppcheck exclude dirs and/or files: 
[3.935s] -- Added test 'lint_cmake' to check CMake code style
[3.957s] -- Added test 'uncrustify' to check C / C++ code style
[3.958s] -- Configured uncrustify additional arguments: 
[3.964s] -- Added test 'xmllint' to check XML markup files
[3.972s] -- Configuring done
[3.998s] -- Generating done
[4.002s] -- Build files have been written to: /home/ying/ros2/chatpt2/town_ws/src/village_wang/build/village_wang
[4.036s] Invoked command in '/home/ying/ros2/chatpt2/town_ws/src/village_wang/build/village_wang' returned '0': CMAKE_PREFIX_PATH=/opt/ros/humble /usr/bin/cmake /home/ying/ros2/chatpt2/town_ws/src/village_wang -DCMAKE_INSTALL_PREFIX=/home/ying/ros2/chatpt2/town_ws/src/village_wang/install/village_wang
[4.041s] Invoking command in '/home/ying/ros2/chatpt2/town_ws/src/village_wang/build/village_wang': CMAKE_PREFIX_PATH=/opt/ros/humble /usr/bin/cmake --build /home/ying/ros2/chatpt2/town_ws/src/village_wang/build/village_wang -- -j2 -l2
[4.215s] [ 50%] [32mBuilding CXX object CMakeFiles/wang2_node.dir/src/wang2.cpp.o[0m
[10.434s] gmake[2]: *** [CMakeFiles/wang2_node.dir/build.make:76: CMakeFiles/wang2_node.dir/src/wang2.cpp.o] 中断
[10.434s] gmake[1]: *** [CMakeFiles/Makefile2:137: CMakeFiles/wang2_node.dir/all] 中断
[10.434s] gmake: *** [Makefile:146: all] 中断
[10.496s] Invoked command in '/home/ying/ros2/chatpt2/town_ws/src/village_wang/build/village_wang' returned '-2': CMAKE_PREFIX_PATH=/opt/ros/humble /usr/bin/cmake --build /home/ying/ros2/chatpt2/town_ws/src/village_wang/build/village_wang -- -j2 -l2
