[0.060s] Invoking command in '/home/ying/ros2/chatpt2/town_ws/src/build/village_wang': CMAKE_PREFIX_PATH=/opt/ros/humble /usr/bin/cmake /home/ying/ros2/chatpt2/town_ws/src/village_wang -DCMAKE_INSTALL_PREFIX=/home/ying/ros2/chatpt2/town_ws/src/install/village_wang
[0.610s] -- The C compiler identification is GNU 11.4.0
[1.013s] -- The CXX compiler identification is GNU 11.4.0
[1.057s] -- Detecting C compiler ABI info
[1.344s] -- Detecting C compiler ABI info - done
[1.362s] -- Check for working C compiler: /usr/bin/cc - skipped
[1.363s] -- Detecting C compile features
[1.369s] -- Detecting C compile features - done
[1.375s] -- Detecting CXX compiler ABI info
[1.679s] -- Detecting CXX compiler ABI info - done
[1.690s] -- Check for working CXX compiler: /usr/bin/c++ - skipped
[1.692s] -- Detecting CXX compile features
[1.692s] -- Detecting CXX compile features - done
[1.717s] -- Found ament_cmake: 1.3.11 (/opt/ros/humble/share/ament_cmake/cmake)
[1.993s] -- Found Python3: /usr/bin/python3 (found version "3.10.12") found components: Interpreter 
[2.225s] -- Found rclcpp: 16.0.11 (/opt/ros/humble/share/rclcpp/cmake)
[2.348s] -- Found rosidl_generator_c: 3.1.6 (/opt/ros/humble/share/rosidl_generator_c/cmake)
[2.367s] -- Found rosidl_adapter: 3.1.6 (/opt/ros/humble/share/rosidl_adapter/cmake)
[2.400s] -- Found rosidl_generator_cpp: 3.1.6 (/opt/ros/humble/share/rosidl_generator_cpp/cmake)
[2.432s] -- Using all available rosidl_typesupport_c: rosidl_typesupport_fastrtps_c;rosidl_typesupport_introspection_c
[2.486s] -- Using all available rosidl_typesupport_cpp: rosidl_typesupport_fastrtps_cpp;rosidl_typesupport_introspection_cpp
[2.610s] -- Found rmw_implementation_cmake: 6.1.2 (/opt/ros/humble/share/rmw_implementation_cmake/cmake)
[2.617s] -- Found rmw_fastrtps_cpp: 6.2.7 (/opt/ros/humble/share/rmw_fastrtps_cpp/cmake)
[2.818s] -- Found OpenSSL: /usr/lib/x86_64-linux-gnu/libcrypto.so (found version "3.0.2")  
[2.858s] -- Found FastRTPS: /opt/ros/humble/include  
[2.912s] -- Using RMW implementation 'rmw_fastrtps_cpp' as default
[2.935s] -- Looking for pthread.h
[3.103s] -- Looking for pthread.h - found
[3.103s] -- Performing Test CMAKE_HAVE_LIBC_PTHREAD
[3.240s] -- Performing Test CMAKE_HAVE_LIBC_PTHREAD - Success
[3.240s] -- Found Threads: TRUE  
[3.395s] -- Found ament_lint_auto: 0.12.11 (/opt/ros/humble/share/ament_lint_auto/cmake)
[3.630s] -- Added test 'cppcheck' to perform static code analysis on C / C++ code
[3.631s] -- Configured cppcheck include dirs: 
[3.631s] -- Configured cppcheck exclude dirs and/or files: 
[3.634s] -- Added test 'flake8' to check Python code syntax and style conventions
[3.639s] -- Added test 'lint_cmake' to check CMake code style
[3.643s] -- Added test 'pep257' to check Python code against some of the docstring style conventions in PEP 257
[3.673s] -- Added test 'uncrustify' to check C / C++ code style
[3.673s] -- Configured uncrustify additional arguments: 
[3.678s] -- Added test 'xmllint' to check XML markup files
[3.683s] -- Configuring done
[3.696s] -- Generating done
[3.698s] -- Build files have been written to: /home/ying/ros2/chatpt2/town_ws/src/build/village_wang
[3.717s] Invoked command in '/home/ying/ros2/chatpt2/town_ws/src/build/village_wang' returned '0': CMAKE_PREFIX_PATH=/opt/ros/humble /usr/bin/cmake /home/ying/ros2/chatpt2/town_ws/src/village_wang -DCMAKE_INSTALL_PREFIX=/home/ying/ros2/chatpt2/town_ws/src/install/village_wang
[3.718s] Invoking command in '/home/ying/ros2/chatpt2/town_ws/src/build/village_wang': CMAKE_PREFIX_PATH=/opt/ros/humble /usr/bin/cmake --build /home/ying/ros2/chatpt2/town_ws/src/build/village_wang -- -j2 -l2
[3.822s] [ 50%] [32mBuilding CXX object CMakeFiles/wang2_node.dir/src/wang2.cpp.o[0m
[4.680s] [01m[K/home/ying/ros2/chatpt2/town_ws/src/village_wang/src/wang2.cpp:2:10:[m[K [01;31m[Kfatal error: [m[Kstd_msgs/msg/string.hpp: 没有那个文件或目录
[4.684s]     2 | #include [01;31m[K"std_msgs/msg/string.hpp"[m[K
[4.685s]       |          [01;31m[K^~~~~~~~~~~~~~~~~~~~~~~~~[m[K
[4.685s] compilation terminated.
[4.691s] gmake[2]: *** [CMakeFiles/wang2_node.dir/build.make:76：CMakeFiles/wang2_node.dir/src/wang2.cpp.o] 错误 1
[4.694s] gmake[1]: *** [CMakeFiles/Makefile2:137：CMakeFiles/wang2_node.dir/all] 错误 2
[4.694s] gmake: *** [Makefile:146：all] 错误 2
[4.697s] Invoked command in '/home/ying/ros2/chatpt2/town_ws/src/build/village_wang' returned '2': CMAKE_PREFIX_PATH=/opt/ros/humble /usr/bin/cmake --build /home/ying/ros2/chatpt2/town_ws/src/build/village_wang -- -j2 -l2
