[0.015s] Invoking command in '/home/ying/d2lros2/chatpt2/town_ws/build/village_wang': CMAKE_PREFIX_PATH=/opt/ros/humble /usr/bin/cmake /home/ying/d2lros2/chatpt2/town_ws/src/village_wang -DCMAKE_INSTALL_PREFIX=/home/ying/d2lros2/chatpt2/town_ws/install/village_wang
[0.114s] -- The C compiler identification is GNU 11.4.0
[0.199s] -- The CXX compiler identification is GNU 11.4.0
[0.212s] -- Detecting C compiler ABI info
[0.332s] -- Detecting C compiler ABI info - done
[0.341s] -- Check for working C compiler: /usr/bin/cc - skipped
[0.343s] -- Detecting C compile features
[0.343s] -- Detecting C compile features - done
[0.346s] -- Detecting CXX compiler ABI info
[0.473s] -- Detecting CXX compiler ABI info - done
[0.479s] -- Check for working CXX compiler: /usr/bin/c++ - skipped
[0.480s] -- Detecting CXX compile features
[0.480s] -- Detecting CXX compile features - done
[0.483s] -- Found ament_cmake: 1.3.11 (/opt/ros/humble/share/ament_cmake/cmake)
[0.679s] -- Found Python3: /usr/bin/python3 (found version "3.10.12") found components: Interpreter 
[0.788s] -- Found rclcpp: 16.0.11 (/opt/ros/humble/share/rclcpp/cmake)
[0.827s] -- Found rosidl_generator_c: 3.1.6 (/opt/ros/humble/share/rosidl_generator_c/cmake)
[0.835s] -- Found rosidl_adapter: 3.1.6 (/opt/ros/humble/share/rosidl_adapter/cmake)
[0.843s] -- Found rosidl_generator_cpp: 3.1.6 (/opt/ros/humble/share/rosidl_generator_cpp/cmake)
[0.859s] -- Using all available rosidl_typesupport_c: rosidl_typesupport_fastrtps_c;rosidl_typesupport_introspection_c
[0.879s] -- Using all available rosidl_typesupport_cpp: rosidl_typesupport_fastrtps_cpp;rosidl_typesupport_introspection_cpp
[0.928s] -- Found rmw_implementation_cmake: 6.1.2 (/opt/ros/humble/share/rmw_implementation_cmake/cmake)
[0.931s] -- Found rmw_fastrtps_cpp: 6.2.7 (/opt/ros/humble/share/rmw_fastrtps_cpp/cmake)
[1.056s] -- Found OpenSSL: /usr/lib/x86_64-linux-gnu/libcrypto.so (found version "3.0.2")  
[1.091s] -- Found FastRTPS: /opt/ros/humble/include  
[1.152s] -- Using RMW implementation 'rmw_fastrtps_cpp' as default
[1.165s] -- Looking for pthread.h
[1.285s] -- Looking for pthread.h - found
[1.285s] -- Performing Test CMAKE_HAVE_LIBC_PTHREAD
[1.406s] -- Performing Test CMAKE_HAVE_LIBC_PTHREAD - Success
[1.406s] -- Found Threads: TRUE  
[1.476s] -- Found ament_lint_auto: 0.12.11 (/opt/ros/humble/share/ament_lint_auto/cmake)
[1.577s] -- Added test 'cppcheck' to perform static code analysis on C / C++ code
[1.578s] -- Configured cppcheck include dirs: 
[1.578s] -- Configured cppcheck exclude dirs and/or files: 
[1.578s] -- Added test 'lint_cmake' to check CMake code style
[1.580s] -- Added test 'uncrustify' to check C / C++ code style
[1.580s] -- Configured uncrustify additional arguments: 
[1.582s] -- Added test 'xmllint' to check XML markup files
[1.584s] -- Configuring done
[1.600s] -- Generating done
[1.604s] -- Build files have been written to: /home/ying/d2lros2/chatpt2/town_ws/build/village_wang
[1.616s] Invoked command in '/home/ying/d2lros2/chatpt2/town_ws/build/village_wang' returned '0': CMAKE_PREFIX_PATH=/opt/ros/humble /usr/bin/cmake /home/ying/d2lros2/chatpt2/town_ws/src/village_wang -DCMAKE_INSTALL_PREFIX=/home/ying/d2lros2/chatpt2/town_ws/install/village_wang
[1.619s] Invoking command in '/home/ying/d2lros2/chatpt2/town_ws/build/village_wang': CMAKE_PREFIX_PATH=/opt/ros/humble /usr/bin/cmake --build /home/ying/d2lros2/chatpt2/town_ws/build/village_wang -- -j2 -l2
[1.704s] [ 50%] [32mBuilding CXX object CMakeFiles/wang2_node.dir/src/wang2.cpp.o[0m
[6.376s] [100%] [32m[1mLinking CXX executable wang2_node[0m
[6.574s] [100%] Built target wang2_node
[6.611s] Invoked command in '/home/ying/d2lros2/chatpt2/town_ws/build/village_wang' returned '0': CMAKE_PREFIX_PATH=/opt/ros/humble /usr/bin/cmake --build /home/ying/d2lros2/chatpt2/town_ws/build/village_wang -- -j2 -l2
[6.627s] Invoking command in '/home/ying/d2lros2/chatpt2/town_ws/build/village_wang': CMAKE_PREFIX_PATH=/opt/ros/humble /usr/bin/cmake --install /home/ying/d2lros2/chatpt2/town_ws/build/village_wang
[6.637s] -- Install configuration: ""
[6.638s] -- Installing: /home/ying/d2lros2/chatpt2/town_ws/install/village_wang/share/ament_index/resource_index/package_run_dependencies/village_wang
[6.639s] -- Installing: /home/ying/d2lros2/chatpt2/town_ws/install/village_wang/share/ament_index/resource_index/parent_prefix_path/village_wang
[6.639s] -- Installing: /home/ying/d2lros2/chatpt2/town_ws/install/village_wang/share/village_wang/environment/ament_prefix_path.sh
[6.639s] -- Installing: /home/ying/d2lros2/chatpt2/town_ws/install/village_wang/share/village_wang/environment/ament_prefix_path.dsv
[6.639s] -- Installing: /home/ying/d2lros2/chatpt2/town_ws/install/village_wang/share/village_wang/environment/path.sh
[6.639s] -- Installing: /home/ying/d2lros2/chatpt2/town_ws/install/village_wang/share/village_wang/environment/path.dsv
[6.639s] -- Installing: /home/ying/d2lros2/chatpt2/town_ws/install/village_wang/share/village_wang/local_setup.bash
[6.641s] -- Installing: /home/ying/d2lros2/chatpt2/town_ws/install/village_wang/share/village_wang/local_setup.sh
[6.642s] -- Installing: /home/ying/d2lros2/chatpt2/town_ws/install/village_wang/share/village_wang/local_setup.zsh
[6.642s] -- Installing: /home/ying/d2lros2/chatpt2/town_ws/install/village_wang/share/village_wang/local_setup.dsv
[6.642s] -- Installing: /home/ying/d2lros2/chatpt2/town_ws/install/village_wang/share/village_wang/package.dsv
[6.642s] -- Installing: /home/ying/d2lros2/chatpt2/town_ws/install/village_wang/share/ament_index/resource_index/packages/village_wang
[6.642s] -- Installing: /home/ying/d2lros2/chatpt2/town_ws/install/village_wang/share/village_wang/cmake/village_wangConfig.cmake
[6.642s] -- Installing: /home/ying/d2lros2/chatpt2/town_ws/install/village_wang/share/village_wang/cmake/village_wangConfig-version.cmake
[6.642s] -- Installing: /home/ying/d2lros2/chatpt2/town_ws/install/village_wang/share/village_wang/package.xml
[6.642s] -- Installing: /home/ying/d2lros2/chatpt2/town_ws/install/village_wang/lib/village_wang/wang2_node
[6.642s] -- Set runtime path of "/home/ying/d2lros2/chatpt2/town_ws/install/village_wang/lib/village_wang/wang2_node" to ""
[6.645s] Invoked command in '/home/ying/d2lros2/chatpt2/town_ws/build/village_wang' returned '0': CMAKE_PREFIX_PATH=/opt/ros/humble /usr/bin/cmake --install /home/ying/d2lros2/chatpt2/town_ws/build/village_wang
