[0.027s] Invoking command in '/home/ying/ros2/chatpt2/chapt2_ws/build/example_cpp': CMAKE_PREFIX_PATH=${CMAKE_PREFIX_PATH}:/opt/ros/humble /usr/bin/cmake --build /home/ying/ros2/chatpt2/chapt2_ws/build/example_cpp -- -j2 -l2
[0.116s] [35m[1mConsolidate compiler generated dependencies of target node_01[0m
[0.153s] [100%] Built target node_01
[0.412s] Invoked command in '/home/ying/ros2/chatpt2/chapt2_ws/build/example_cpp' returned '0': CMAKE_PREFIX_PATH=${CMAKE_PREFIX_PATH}:/opt/ros/humble /usr/bin/cmake --build /home/ying/ros2/chatpt2/chapt2_ws/build/example_cpp -- -j2 -l2
[0.429s] Invoking command in '/home/ying/ros2/chatpt2/chapt2_ws/build/example_cpp': CMAKE_PREFIX_PATH=${CMAKE_PREFIX_PATH}:/opt/ros/humble /usr/bin/cmake --install /home/ying/ros2/chatpt2/chapt2_ws/build/example_cpp
[0.452s] -- Install configuration: ""
[0.452s] -- Up-to-date: /home/ying/ros2/chatpt2/chapt2_ws/install/example_cpp/share/ament_index/resource_index/package_run_dependencies/example_cpp
[0.453s] -- Up-to-date: /home/ying/ros2/chatpt2/chapt2_ws/install/example_cpp/share/ament_index/resource_index/parent_prefix_path/example_cpp
[0.453s] -- Up-to-date: /home/ying/ros2/chatpt2/chapt2_ws/install/example_cpp/share/example_cpp/environment/ament_prefix_path.sh
[0.453s] -- Up-to-date: /home/ying/ros2/chatpt2/chapt2_ws/install/example_cpp/share/example_cpp/environment/ament_prefix_path.dsv
[0.455s] -- Up-to-date: /home/ying/ros2/chatpt2/chapt2_ws/install/example_cpp/share/example_cpp/environment/path.sh
[0.455s] -- Up-to-date: /home/ying/ros2/chatpt2/chapt2_ws/install/example_cpp/share/example_cpp/environment/path.dsv
[0.455s] -- Up-to-date: /home/ying/ros2/chatpt2/chapt2_ws/install/example_cpp/share/example_cpp/local_setup.bash
[0.455s] -- Up-to-date: /home/ying/ros2/chatpt2/chapt2_ws/install/example_cpp/share/example_cpp/local_setup.sh
[0.460s] -- Up-to-date: /home/ying/ros2/chatpt2/chapt2_ws/install/example_cpp/share/example_cpp/local_setup.zsh
[0.460s] -- Up-to-date: /home/ying/ros2/chatpt2/chapt2_ws/install/example_cpp/share/example_cpp/local_setup.dsv
[0.460s] -- Installing: /home/ying/ros2/chatpt2/chapt2_ws/install/example_cpp/share/example_cpp/package.dsv
[0.460s] -- Up-to-date: /home/ying/ros2/chatpt2/chapt2_ws/install/example_cpp/share/ament_index/resource_index/packages/example_cpp
[0.460s] -- Up-to-date: /home/ying/ros2/chatpt2/chapt2_ws/install/example_cpp/share/example_cpp/cmake/example_cppConfig.cmake
[0.460s] -- Up-to-date: /home/ying/ros2/chatpt2/chapt2_ws/install/example_cpp/share/example_cpp/cmake/example_cppConfig-version.cmake
[0.460s] -- Up-to-date: /home/ying/ros2/chatpt2/chapt2_ws/install/example_cpp/share/example_cpp/package.xml
[0.461s] -- Up-to-date: /home/ying/ros2/chatpt2/chapt2_ws/install/example_cpp/lib/example_cpp/node_01
[0.465s] Invoked command in '/home/ying/ros2/chatpt2/chapt2_ws/build/example_cpp' returned '0': CMAKE_PREFIX_PATH=${CMAKE_PREFIX_PATH}:/opt/ros/humble /usr/bin/cmake --install /home/ying/ros2/chatpt2/chapt2_ws/build/example_cpp
