[0.249s] DEBUG:colcon:Command line arguments: ['/usr/bin/colcon', 'build']
[0.249s] DEBUG:colcon:Parsed command line arguments: Namespace(log_base=None, log_level=None, verb_name='build', build_base='build', install_base='install', merge_install=False, symlink_install=False, test_result_base=None, continue_on_error=False, executor='parallel', parallel_workers=2, event_handlers=None, ignore_user_meta=False, metas=['./colcon.meta'], base_paths=['.'], packages_ignore=None, packages_ignore_regex=None, paths=None, packages_up_to=None, packages_up_to_regex=None, packages_above=None, packages_above_and_dependencies=None, packages_above_depth=None, packages_select_by_dep=None, packages_skip_by_dep=None, packages_skip_up_to=None, packages_select_build_failed=False, packages_skip_build_finished=False, packages_select_test_failures=False, packages_skip_test_passed=False, packages_select=None, packages_skip=None, packages_select_regex=None, packages_skip_regex=None, packages_start=None, packages_end=None, allow_overriding=[], cmake_args=None, cmake_target=None, cmake_target_skip_unavailable=False, cmake_clean_cache=False, cmake_clean_first=False, cmake_force_configure=False, ament_cmake_args=None, catkin_cmake_args=None, catkin_skip_building_tests=False, verb_parser=<colcon_defaults.argument_parser.defaults.DefaultArgumentsDecorator object at 0x70e43a136830>, verb_extension=<colcon_core.verb.build.BuildVerb object at 0x70e43a1363b0>, main=<bound method BuildVerb.main of <colcon_core.verb.build.BuildVerb object at 0x70e43a1363b0>>)
[0.739s] Level 1:colcon.colcon_core.package_discovery:discover_packages(colcon_meta) check parameters
[0.739s] Level 1:colcon.colcon_core.package_discovery:discover_packages(recursive) check parameters
[0.739s] Level 1:colcon.colcon_core.package_discovery:discover_packages(ignore) check parameters
[0.739s] Level 1:colcon.colcon_core.package_discovery:discover_packages(path) check parameters
[0.739s] Level 1:colcon.colcon_core.package_discovery:discover_packages(colcon_meta) discover
[0.739s] Level 1:colcon.colcon_core.package_discovery:discover_packages(recursive) discover
[0.739s] INFO:colcon.colcon_core.package_discovery:Crawling recursively for packages in '/home/ying/ros2/chatpt2/town_ws/src/village_wang'
[0.739s] Level 1:colcon.colcon_core.package_identification:_identify(.) by extensions ['ignore', 'ignore_ament_install']
[0.740s] Level 1:colcon.colcon_core.package_identification:_identify(.) by extension 'ignore'
[0.740s] Level 1:colcon.colcon_core.package_identification:_identify(.) by extension 'ignore_ament_install'
[0.740s] Level 1:colcon.colcon_core.package_identification:_identify(.) by extensions ['colcon_pkg']
[0.740s] Level 1:colcon.colcon_core.package_identification:_identify(.) by extension 'colcon_pkg'
[0.740s] Level 1:colcon.colcon_core.package_identification:_identify(.) by extensions ['colcon_meta']
[0.740s] Level 1:colcon.colcon_core.package_identification:_identify(.) by extension 'colcon_meta'
[0.740s] Level 1:colcon.colcon_core.package_identification:_identify(.) by extensions ['ros']
[0.740s] Level 1:colcon.colcon_core.package_identification:_identify(.) by extension 'ros'
[0.758s] DEBUG:colcon.colcon_core.package_identification:Package '.' with type 'ros.ament_cmake' and name 'village_wang'
[0.758s] Level 1:colcon.colcon_core.package_discovery:discover_packages(recursive) using defaults
[0.758s] Level 1:colcon.colcon_core.package_discovery:discover_packages(ignore) discover
[0.759s] Level 1:colcon.colcon_core.package_discovery:discover_packages(ignore) using defaults
[0.759s] Level 1:colcon.colcon_core.package_discovery:discover_packages(path) discover
[0.759s] Level 1:colcon.colcon_core.package_discovery:discover_packages(path) using defaults
[0.785s] Level 1:colcon.colcon_core.package_discovery:discover_packages(prefix_path) check parameters
[0.785s] Level 1:colcon.colcon_core.package_discovery:discover_packages(prefix_path) discover
[0.795s] DEBUG:colcon.colcon_installed_package_information.package_discovery:Found 271 installed packages in /opt/ros/humble
[0.796s] Level 1:colcon.colcon_core.package_discovery:discover_packages(prefix_path) using defaults
[0.867s] Level 5:colcon.colcon_core.verb:set package 'village_wang' build argument 'cmake_args' from command line to 'None'
[0.868s] Level 5:colcon.colcon_core.verb:set package 'village_wang' build argument 'cmake_target' from command line to 'None'
[0.868s] Level 5:colcon.colcon_core.verb:set package 'village_wang' build argument 'cmake_target_skip_unavailable' from command line to 'False'
[0.868s] Level 5:colcon.colcon_core.verb:set package 'village_wang' build argument 'cmake_clean_cache' from command line to 'False'
[0.868s] Level 5:colcon.colcon_core.verb:set package 'village_wang' build argument 'cmake_clean_first' from command line to 'False'
[0.868s] Level 5:colcon.colcon_core.verb:set package 'village_wang' build argument 'cmake_force_configure' from command line to 'False'
[0.868s] Level 5:colcon.colcon_core.verb:set package 'village_wang' build argument 'ament_cmake_args' from command line to 'None'
[0.868s] Level 5:colcon.colcon_core.verb:set package 'village_wang' build argument 'catkin_cmake_args' from command line to 'None'
[0.868s] Level 5:colcon.colcon_core.verb:set package 'village_wang' build argument 'catkin_skip_building_tests' from command line to 'False'
[0.868s] DEBUG:colcon.colcon_core.verb:Building package 'village_wang' with the following arguments: {'ament_cmake_args': None, 'build_base': '/home/ying/ros2/chatpt2/town_ws/src/village_wang/build/village_wang', 'catkin_cmake_args': None, 'catkin_skip_building_tests': False, 'cmake_args': None, 'cmake_clean_cache': False, 'cmake_clean_first': False, 'cmake_force_configure': False, 'cmake_target': None, 'cmake_target_skip_unavailable': False, 'install_base': '/home/ying/ros2/chatpt2/town_ws/src/village_wang/install/village_wang', 'merge_install': False, 'path': '/home/ying/ros2/chatpt2/town_ws/src/village_wang', 'symlink_install': False, 'test_result_base': None}
[0.868s] INFO:colcon.colcon_core.executor:Executing jobs using 'parallel' executor
[0.870s] DEBUG:colcon.colcon_parallel_executor.executor.parallel:run_until_complete
[0.870s] INFO:colcon.colcon_ros.task.ament_cmake.build:Building ROS package in '/home/ying/ros2/chatpt2/town_ws/src/village_wang' with build type 'ament_cmake'
[0.870s] INFO:colcon.colcon_cmake.task.cmake.build:Building CMake package in '/home/ying/ros2/chatpt2/town_ws/src/village_wang'
[0.877s] INFO:colcon.colcon_core.plugin_system:Skipping extension 'colcon_core.shell.bat': Not used on non-Windows systems
[0.878s] INFO:colcon.colcon_core.shell:Skip shell extension 'powershell' for command environment: Not usable outside of PowerShell
[0.878s] DEBUG:colcon.colcon_core.shell:Skip shell extension 'dsv' for command environment
[0.898s] DEBUG:colcon.colcon_core.event_handler.log_command:Invoking command in '/home/ying/ros2/chatpt2/town_ws/src/village_wang/build/village_wang': CMAKE_PREFIX_PATH=/opt/ros/humble /usr/bin/cmake --build /home/ying/ros2/chatpt2/town_ws/src/village_wang/build/village_wang -- -j2 -l2
[7.273s] DEBUG:colcon.colcon_core.event_handler.log_command:Invoked command in '/home/ying/ros2/chatpt2/town_ws/src/village_wang/build/village_wang' returned '0': CMAKE_PREFIX_PATH=/opt/ros/humble /usr/bin/cmake --build /home/ying/ros2/chatpt2/town_ws/src/village_wang/build/village_wang -- -j2 -l2
[7.306s] DEBUG:colcon.colcon_core.event_handler.log_command:Invoking command in '/home/ying/ros2/chatpt2/town_ws/src/village_wang/build/village_wang': CMAKE_PREFIX_PATH=/opt/ros/humble /usr/bin/cmake --install /home/ying/ros2/chatpt2/town_ws/src/village_wang/build/village_wang
[7.340s] Level 1:colcon.colcon_core.environment:create_environment_scripts_only(village_wang)
[7.341s] DEBUG:colcon.colcon_core.event_handler.log_command:Invoked command in '/home/ying/ros2/chatpt2/town_ws/src/village_wang/build/village_wang' returned '0': CMAKE_PREFIX_PATH=/opt/ros/humble /usr/bin/cmake --install /home/ying/ros2/chatpt2/town_ws/src/village_wang/build/village_wang
[7.344s] Level 1:colcon.colcon_core.environment:checking '/home/ying/ros2/chatpt2/town_ws/src/village_wang/install/village_wang' for CMake module files
[7.347s] Level 1:colcon.colcon_core.environment:checking '/home/ying/ros2/chatpt2/town_ws/src/village_wang/install/village_wang' for CMake config files
[7.348s] Level 1:colcon.colcon_core.shell:create_environment_hook('village_wang', 'cmake_prefix_path')
[7.348s] INFO:colcon.colcon_core.shell:Creating environment hook '/home/ying/ros2/chatpt2/town_ws/src/village_wang/install/village_wang/share/village_wang/hook/cmake_prefix_path.ps1'
[7.351s] INFO:colcon.colcon_core.shell:Creating environment descriptor '/home/ying/ros2/chatpt2/town_ws/src/village_wang/install/village_wang/share/village_wang/hook/cmake_prefix_path.dsv'
[7.353s] INFO:colcon.colcon_core.shell:Creating environment hook '/home/ying/ros2/chatpt2/town_ws/src/village_wang/install/village_wang/share/village_wang/hook/cmake_prefix_path.sh'
[7.358s] Level 1:colcon.colcon_core.environment:checking '/home/ying/ros2/chatpt2/town_ws/src/village_wang/install/village_wang/lib'
[7.358s] Level 1:colcon.colcon_core.environment:checking '/home/ying/ros2/chatpt2/town_ws/src/village_wang/install/village_wang/bin'
[7.358s] Level 1:colcon.colcon_core.environment:checking '/home/ying/ros2/chatpt2/town_ws/src/village_wang/install/village_wang/lib/pkgconfig/village_wang.pc'
[7.359s] Level 1:colcon.colcon_core.environment:checking '/home/ying/ros2/chatpt2/town_ws/src/village_wang/install/village_wang/lib/python3.10/site-packages'
[7.359s] Level 1:colcon.colcon_core.environment:checking '/home/ying/ros2/chatpt2/town_ws/src/village_wang/install/village_wang/bin'
[7.360s] INFO:colcon.colcon_core.shell:Creating package script '/home/ying/ros2/chatpt2/town_ws/src/village_wang/install/village_wang/share/village_wang/package.ps1'
[7.362s] INFO:colcon.colcon_core.shell:Creating package descriptor '/home/ying/ros2/chatpt2/town_ws/src/village_wang/install/village_wang/share/village_wang/package.dsv'
[7.364s] INFO:colcon.colcon_core.shell:Creating package script '/home/ying/ros2/chatpt2/town_ws/src/village_wang/install/village_wang/share/village_wang/package.sh'
[7.366s] INFO:colcon.colcon_core.shell:Creating package script '/home/ying/ros2/chatpt2/town_ws/src/village_wang/install/village_wang/share/village_wang/package.bash'
[7.369s] INFO:colcon.colcon_core.shell:Creating package script '/home/ying/ros2/chatpt2/town_ws/src/village_wang/install/village_wang/share/village_wang/package.zsh'
[7.371s] Level 1:colcon.colcon_core.environment:create_file_with_runtime_dependencies(/home/ying/ros2/chatpt2/town_ws/src/village_wang/install/village_wang/share/colcon-core/packages/village_wang)
[7.373s] Level 1:colcon.colcon_core.environment:create_environment_scripts_only(village_wang)
[7.374s] Level 1:colcon.colcon_core.environment:checking '/home/ying/ros2/chatpt2/town_ws/src/village_wang/install/village_wang' for CMake module files
[7.376s] Level 1:colcon.colcon_core.environment:checking '/home/ying/ros2/chatpt2/town_ws/src/village_wang/install/village_wang' for CMake config files
[7.376s] Level 1:colcon.colcon_core.shell:create_environment_hook('village_wang', 'cmake_prefix_path')
[7.377s] INFO:colcon.colcon_core.shell:Creating environment hook '/home/ying/ros2/chatpt2/town_ws/src/village_wang/install/village_wang/share/village_wang/hook/cmake_prefix_path.ps1'
[7.377s] INFO:colcon.colcon_core.shell:Creating environment descriptor '/home/ying/ros2/chatpt2/town_ws/src/village_wang/install/village_wang/share/village_wang/hook/cmake_prefix_path.dsv'
[7.381s] INFO:colcon.colcon_core.shell:Creating environment hook '/home/ying/ros2/chatpt2/town_ws/src/village_wang/install/village_wang/share/village_wang/hook/cmake_prefix_path.sh'
[7.383s] Level 1:colcon.colcon_core.environment:checking '/home/ying/ros2/chatpt2/town_ws/src/village_wang/install/village_wang/lib'
[7.383s] Level 1:colcon.colcon_core.environment:checking '/home/ying/ros2/chatpt2/town_ws/src/village_wang/install/village_wang/bin'
[7.383s] Level 1:colcon.colcon_core.environment:checking '/home/ying/ros2/chatpt2/town_ws/src/village_wang/install/village_wang/lib/pkgconfig/village_wang.pc'
[7.383s] Level 1:colcon.colcon_core.environment:checking '/home/ying/ros2/chatpt2/town_ws/src/village_wang/install/village_wang/lib/python3.10/site-packages'
[7.384s] Level 1:colcon.colcon_core.environment:checking '/home/ying/ros2/chatpt2/town_ws/src/village_wang/install/village_wang/bin'
[7.386s] INFO:colcon.colcon_core.shell:Creating package script '/home/ying/ros2/chatpt2/town_ws/src/village_wang/install/village_wang/share/village_wang/package.ps1'
[7.389s] INFO:colcon.colcon_core.shell:Creating package descriptor '/home/ying/ros2/chatpt2/town_ws/src/village_wang/install/village_wang/share/village_wang/package.dsv'
[7.390s] INFO:colcon.colcon_core.shell:Creating package script '/home/ying/ros2/chatpt2/town_ws/src/village_wang/install/village_wang/share/village_wang/package.sh'
[7.392s] INFO:colcon.colcon_core.shell:Creating package script '/home/ying/ros2/chatpt2/town_ws/src/village_wang/install/village_wang/share/village_wang/package.bash'
[7.393s] INFO:colcon.colcon_core.shell:Creating package script '/home/ying/ros2/chatpt2/town_ws/src/village_wang/install/village_wang/share/village_wang/package.zsh'
[7.395s] Level 1:colcon.colcon_core.environment:create_file_with_runtime_dependencies(/home/ying/ros2/chatpt2/town_ws/src/village_wang/install/village_wang/share/colcon-core/packages/village_wang)
[7.396s] DEBUG:colcon.colcon_parallel_executor.executor.parallel:closing loop
[7.397s] DEBUG:colcon.colcon_parallel_executor.executor.parallel:loop closed
[7.398s] DEBUG:colcon.colcon_parallel_executor.executor.parallel:run_until_complete finished with '0'
[7.398s] DEBUG:colcon.colcon_core.event_reactor:joining thread
[7.414s] INFO:colcon.colcon_core.plugin_system:Skipping extension 'colcon_notification.desktop_notification.terminal_notifier': Not used on non-Darwin systems
[7.414s] INFO:colcon.colcon_core.plugin_system:Skipping extension 'colcon_notification.desktop_notification.win32': Not used on non-Windows systems
[7.415s] INFO:colcon.colcon_notification.desktop_notification:Sending desktop notification using 'notify2'
[7.459s] DEBUG:colcon.colcon_core.event_reactor:joined thread
[7.459s] INFO:colcon.colcon_core.shell:Creating prefix script '/home/ying/ros2/chatpt2/town_ws/src/village_wang/install/local_setup.ps1'
[7.460s] INFO:colcon.colcon_core.shell:Creating prefix util module '/home/ying/ros2/chatpt2/town_ws/src/village_wang/install/_local_setup_util_ps1.py'
[7.465s] INFO:colcon.colcon_core.shell:Creating prefix chain script '/home/ying/ros2/chatpt2/town_ws/src/village_wang/install/setup.ps1'
[7.469s] INFO:colcon.colcon_core.shell:Creating prefix script '/home/ying/ros2/chatpt2/town_ws/src/village_wang/install/local_setup.sh'
[7.471s] INFO:colcon.colcon_core.shell:Creating prefix util module '/home/ying/ros2/chatpt2/town_ws/src/village_wang/install/_local_setup_util_sh.py'
[7.473s] INFO:colcon.colcon_core.shell:Creating prefix chain script '/home/ying/ros2/chatpt2/town_ws/src/village_wang/install/setup.sh'
[7.475s] INFO:colcon.colcon_core.shell:Creating prefix script '/home/ying/ros2/chatpt2/town_ws/src/village_wang/install/local_setup.bash'
[7.476s] INFO:colcon.colcon_core.shell:Creating prefix chain script '/home/ying/ros2/chatpt2/town_ws/src/village_wang/install/setup.bash'
[7.478s] INFO:colcon.colcon_core.shell:Creating prefix script '/home/ying/ros2/chatpt2/town_ws/src/village_wang/install/local_setup.zsh'
[7.481s] INFO:colcon.colcon_core.shell:Creating prefix chain script '/home/ying/ros2/chatpt2/town_ws/src/village_wang/install/setup.zsh'
