[0.018s] Invoking command in '/home/ying/d2lros2/chapt3/chapt3_ws/build/example_topic_rclcpp': CMAKE_PREFIX_PATH=${CMAKE_PREFIX_PATH}:/opt/ros/humble /usr/bin/cmake --build /home/ying/d2lros2/chapt3/chapt3_ws/build/example_topic_rclcpp -- -j2 -l2
[0.057s] -- Found ament_cmake: 1.3.11 (/opt/ros/humble/share/ament_cmake/cmake)
[0.232s] -- Found rclcpp: 16.0.11 (/opt/ros/humble/share/rclcpp/cmake)
[0.269s] -- Found rosidl_generator_c: 3.1.6 (/opt/ros/humble/share/rosidl_generator_c/cmake)
[0.274s] -- Found rosidl_adapter: 3.1.6 (/opt/ros/humble/share/rosidl_adapter/cmake)
[0.279s] -- Found rosidl_generator_cpp: 3.1.6 (/opt/ros/humble/share/rosidl_generator_cpp/cmake)
[0.293s] -- Using all available rosidl_typesupport_c: rosidl_typesupport_fastrtps_c;rosidl_typesupport_introspection_c
[0.311s] -- Using all available rosidl_typesupport_cpp: rosidl_typesupport_fastrtps_cpp;rosidl_typesupport_introspection_cpp
[0.359s] -- Found rmw_implementation_cmake: 6.1.2 (/opt/ros/humble/share/rmw_implementation_cmake/cmake)
[0.362s] -- Found rmw_fastrtps_cpp: 6.2.7 (/opt/ros/humble/share/rmw_fastrtps_cpp/cmake)
[0.502s] -- Using RMW implementation 'rmw_fastrtps_cpp' as default
[0.561s] -- Found ament_lint_auto: 0.12.11 (/opt/ros/humble/share/ament_lint_auto/cmake)
[0.657s] -- Added test 'cppcheck' to perform static code analysis on C / C++ code
[0.658s] -- Configured cppcheck include dirs: 
[0.658s] -- Configured cppcheck exclude dirs and/or files: 
[0.662s] -- Added test 'lint_cmake' to check CMake code style
[0.664s] -- Added test 'uncrustify' to check C / C++ code style
[0.664s] -- Configured uncrustify additional arguments: 
[0.666s] -- Added test 'xmllint' to check XML markup files
[0.668s] -- Configuring done
[0.687s] -- Generating done
[0.694s] -- Build files have been written to: /home/ying/d2lros2/chapt3/chapt3_ws/build/example_topic_rclcpp
[0.734s] [35m[1mConsolidate compiler generated dependencies of target topic_publisher_01[0m
[0.742s] [35m[1mConsolidate compiler generated dependencies of target topic_subscribe_01[0m
[0.770s] [ 50%] Built target topic_publisher_01
[0.779s] [ 75%] [32mBuilding CXX object CMakeFiles/topic_subscribe_01.dir/src/topic_subscribe_01.cpp.o[0m
[7.948s] [100%] [32m[1mLinking CXX executable topic_subscribe_01[0m
[8.096s] /usr/bin/ld: /usr/lib/gcc/x86_64-linux-gnu/11/../../../x86_64-linux-gnu/Scrt1.o: in function `_start':
[8.097s] (.text+0x1b): undefined reference to `main'
[8.107s] collect2: error: ld returned 1 exit status
[8.110s] gmake[2]: *** [CMakeFiles/topic_subscribe_01.dir/build.make:159：topic_subscribe_01] 错误 1
[8.110s] gmake[1]: *** [CMakeFiles/Makefile2:165：CMakeFiles/topic_subscribe_01.dir/all] 错误 2
[8.110s] gmake: *** [Makefile:146：all] 错误 2
[8.114s] Invoked command in '/home/ying/d2lros2/chapt3/chapt3_ws/build/example_topic_rclcpp' returned '2': CMAKE_PREFIX_PATH=${CMAKE_PREFIX_PATH}:/opt/ros/humble /usr/bin/cmake --build /home/ying/d2lros2/chapt3/chapt3_ws/build/example_topic_rclcpp -- -j2 -l2
