[0.967s] Invoking command in '/home/ying/d2lros2/chatpt2/town_ws_python/src/village_li': PYTHONPATH=/home/ying/d2lros2/chatpt2/town_ws_python/build/village_li/prefix_override:/usr/lib/python3/dist-packages/colcon_core/task/python/colcon_distutils_commands:/home/ying/d2lros2/chatpt2/town_ws_python/install/village_li/lib/python3.10/site-packages:${PYTHONPATH} /usr/bin/python3 -W ignore:setup.py install is deprecated -W ignore:easy_install command is deprecated setup.py egg_info --egg-base ../../build/village_li build --build-base /home/ying/d2lros2/chatpt2/town_ws_python/build/village_li/build install --record /home/ying/d2lros2/chatpt2/town_ws_python/build/village_li/install.log --single-version-externally-managed install_data
[1.302s] running egg_info
[1.303s] creating ../../build/village_li/village_li.egg-info
[1.303s] writing ../../build/village_li/village_li.egg-info/PKG-INFO
[1.305s] writing dependency_links to ../../build/village_li/village_li.egg-info/dependency_links.txt
[1.305s] writing entry points to ../../build/village_li/village_li.egg-info/entry_points.txt
[1.305s] writing requirements to ../../build/village_li/village_li.egg-info/requires.txt
[1.306s] writing top-level names to ../../build/village_li/village_li.egg-info/top_level.txt
[1.306s] writing manifest file '../../build/village_li/village_li.egg-info/SOURCES.txt'
[1.308s] reading manifest file '../../build/village_li/village_li.egg-info/SOURCES.txt'
[1.309s] writing manifest file '../../build/village_li/village_li.egg-info/SOURCES.txt'
[1.310s] running build
[1.311s] running build_py
[1.311s] creating /home/ying/d2lros2/chatpt2/town_ws_python/build/village_li/build
[1.311s] creating /home/ying/d2lros2/chatpt2/town_ws_python/build/village_li/build/lib
[1.311s] creating /home/ying/d2lros2/chatpt2/town_ws_python/build/village_li/build/lib/village_li
[1.311s] copying village_li/__init__.py -> /home/ying/d2lros2/chatpt2/town_ws_python/build/village_li/build/lib/village_li
[1.312s] copying village_li/li4.py -> /home/ying/d2lros2/chatpt2/town_ws_python/build/village_li/build/lib/village_li
[1.314s] running install
[1.314s] running install_lib
[1.315s] creating /home/ying/d2lros2/chatpt2/town_ws_python/install/village_li/lib/python3.10/site-packages/village_li
[1.318s] copying /home/ying/d2lros2/chatpt2/town_ws_python/build/village_li/build/lib/village_li/__init__.py -> /home/ying/d2lros2/chatpt2/town_ws_python/install/village_li/lib/python3.10/site-packages/village_li
[1.318s] copying /home/ying/d2lros2/chatpt2/town_ws_python/build/village_li/build/lib/village_li/li4.py -> /home/ying/d2lros2/chatpt2/town_ws_python/install/village_li/lib/python3.10/site-packages/village_li
[1.318s] byte-compiling /home/ying/d2lros2/chatpt2/town_ws_python/install/village_li/lib/python3.10/site-packages/village_li/__init__.py to __init__.cpython-310.pyc
[1.318s] byte-compiling /home/ying/d2lros2/chatpt2/town_ws_python/install/village_li/lib/python3.10/site-packages/village_li/li4.py to li4.cpython-310.pyc
[1.318s] running install_data
[1.318s] creating /home/ying/d2lros2/chatpt2/town_ws_python/install/village_li/share/ament_index
[1.318s] creating /home/ying/d2lros2/chatpt2/town_ws_python/install/village_li/share/ament_index/resource_index
[1.318s] creating /home/ying/d2lros2/chatpt2/town_ws_python/install/village_li/share/ament_index/resource_index/packages
[1.319s] copying resource/village_li -> /home/ying/d2lros2/chatpt2/town_ws_python/install/village_li/share/ament_index/resource_index/packages
[1.322s] copying package.xml -> /home/ying/d2lros2/chatpt2/town_ws_python/install/village_li/share/village_li
[1.322s] running install_egg_info
[1.323s] Copying ../../build/village_li/village_li.egg-info to /home/ying/d2lros2/chatpt2/town_ws_python/install/village_li/lib/python3.10/site-packages/village_li-0.0.0-py3.10.egg-info
[1.323s] running install_scripts
[1.349s] Installing li4_node script to /home/ying/d2lros2/chatpt2/town_ws_python/install/village_li/lib/village_li
[1.349s] writing list of installed files to '/home/ying/d2lros2/chatpt2/town_ws_python/build/village_li/install.log'
[1.390s] Invoked command in '/home/ying/d2lros2/chatpt2/town_ws_python/src/village_li' returned '0': PYTHONPATH=/home/ying/d2lros2/chatpt2/town_ws_python/build/village_li/prefix_override:/usr/lib/python3/dist-packages/colcon_core/task/python/colcon_distutils_commands:/home/ying/d2lros2/chatpt2/town_ws_python/install/village_li/lib/python3.10/site-packages:${PYTHONPATH} /usr/bin/python3 -W ignore:setup.py install is deprecated -W ignore:easy_install command is deprecated setup.py egg_info --egg-base ../../build/village_li build --build-base /home/ying/d2lros2/chatpt2/town_ws_python/build/village_li/build install --record /home/ying/d2lros2/chatpt2/town_ws_python/build/village_li/install.log --single-version-externally-managed install_data
