[0.030s] Invoking command in '/home/ying/ros2/chatpt2/town_ws/build/village_wang': CMAKE_PREFIX_PATH=${CMAKE_PREFIX_PATH}:/opt/ros/humble /usr/bin/cmake --build /home/ying/ros2/chatpt2/town_ws/build/village_wang -- -j2 -l2
[0.274s] [0mCMake Error: The current CMakeCache.txt directory /home/ying/ros2/chatpt2/town_ws/build/village_wang/CMakeCache.txt is different than the directory /home/ying/d2lros2/chatpt2/town_ws/build/village_wang where CMakeCache.txt was created. This may result in binaries being created in the wrong place. If you are not sure, reedit the CMakeCache.txt[0m
[0.563s] [35m[1mConsolidate compiler generated dependencies of target wang2_node[0m
[0.735s] [100%] Built target wang2_node
[0.783s] Invoked command in '/home/ying/ros2/chatpt2/town_ws/build/village_wang' returned '0': CMAKE_PREFIX_PATH=${CMAKE_PREFIX_PATH}:/opt/ros/humble /usr/bin/cmake --build /home/ying/ros2/chatpt2/town_ws/build/village_wang -- -j2 -l2
[0.800s] Invoking command in '/home/ying/ros2/chatpt2/town_ws/build/village_wang': CMAKE_PREFIX_PATH=${CMAKE_PREFIX_PATH}:/opt/ros/humble /usr/bin/cmake --install /home/ying/ros2/chatpt2/town_ws/build/village_wang
[0.824s] -- Install configuration: ""
[0.833s] -- Up-to-date: /home/ying/d2lros2/chatpt2/town_ws/install/village_wang/share/ament_index/resource_index/package_run_dependencies/village_wang
[0.834s] -- Up-to-date: /home/ying/d2lros2/chatpt2/town_ws/install/village_wang/share/ament_index/resource_index/parent_prefix_path/village_wang
[0.835s] -- Up-to-date: /home/ying/d2lros2/chatpt2/town_ws/install/village_wang/share/village_wang/environment/ament_prefix_path.sh
[0.841s] -- Up-to-date: /home/ying/d2lros2/chatpt2/town_ws/install/village_wang/share/village_wang/environment/ament_prefix_path.dsv
[0.841s] -- Up-to-date: /home/ying/d2lros2/chatpt2/town_ws/install/village_wang/share/village_wang/environment/path.sh
[0.841s] -- Up-to-date: /home/ying/d2lros2/chatpt2/town_ws/install/village_wang/share/village_wang/environment/path.dsv
[0.841s] -- Up-to-date: /home/ying/d2lros2/chatpt2/town_ws/install/village_wang/share/village_wang/local_setup.bash
[0.842s] -- Up-to-date: /home/ying/d2lros2/chatpt2/town_ws/install/village_wang/share/village_wang/local_setup.sh
[0.842s] -- Up-to-date: /home/ying/d2lros2/chatpt2/town_ws/install/village_wang/share/village_wang/local_setup.zsh
[0.842s] -- Up-to-date: /home/ying/d2lros2/chatpt2/town_ws/install/village_wang/share/village_wang/local_setup.dsv
[0.842s] -- Installing: /home/ying/d2lros2/chatpt2/town_ws/install/village_wang/share/village_wang/package.dsv
[0.848s] -- Up-to-date: /home/ying/d2lros2/chatpt2/town_ws/install/village_wang/share/ament_index/resource_index/packages/village_wang
[0.850s] -- Up-to-date: /home/ying/d2lros2/chatpt2/town_ws/install/village_wang/share/village_wang/cmake/village_wangConfig.cmake
[0.850s] -- Up-to-date: /home/ying/d2lros2/chatpt2/town_ws/install/village_wang/share/village_wang/cmake/village_wangConfig-version.cmake
[0.851s] -- Up-to-date: /home/ying/d2lros2/chatpt2/town_ws/install/village_wang/share/village_wang/package.xml
[0.854s] -- Up-to-date: /home/ying/d2lros2/chatpt2/town_ws/install/village_wang/lib/village_wang/wang2_node
[0.859s] Invoked command in '/home/ying/ros2/chatpt2/town_ws/build/village_wang' returned '0': CMAKE_PREFIX_PATH=${CMAKE_PREFIX_PATH}:/opt/ros/humble /usr/bin/cmake --install /home/ying/ros2/chatpt2/town_ws/build/village_wang
