[0.902s] Invoking command in '/home/ying/ros2/chatpt2/town_ws/src/village_li': PYTHONPATH=/home/ying/ros2/chatpt2/town_ws/src/village_li/build/village_li/prefix_override:/usr/lib/python3/dist-packages/colcon_core/task/python/colcon_distutils_commands:/home/ying/ros2/chatpt2/town_ws/src/village_li/install/village_li/lib/python3.10/site-packages:${PYTHONPATH} /usr/bin/python3 -W ignore:setup.py install is deprecated -W ignore:easy_install command is deprecated setup.py egg_info --egg-base build/village_li build --build-base /home/ying/ros2/chatpt2/town_ws/src/village_li/build/village_li/build install --record /home/ying/ros2/chatpt2/town_ws/src/village_li/build/village_li/install.log --single-version-externally-managed install_data
[1.275s] running egg_info
[1.276s] writing build/village_li/village_li.egg-info/PKG-INFO
[1.276s] writing dependency_links to build/village_li/village_li.egg-info/dependency_links.txt
[1.280s] writing entry points to build/village_li/village_li.egg-info/entry_points.txt
[1.280s] writing requirements to build/village_li/village_li.egg-info/requires.txt
[1.281s] writing top-level names to build/village_li/village_li.egg-info/top_level.txt
[1.281s] reading manifest file 'build/village_li/village_li.egg-info/SOURCES.txt'
[1.282s] writing manifest file 'build/village_li/village_li.egg-info/SOURCES.txt'
[1.286s] running build
[1.286s] running build_py
[1.286s] copying village_li/li4.py -> /home/ying/ros2/chatpt2/town_ws/src/village_li/build/village_li/build/lib/village_li
[1.286s] running install
[1.287s] running install_lib
[1.288s] copying /home/ying/ros2/chatpt2/town_ws/src/village_li/build/village_li/build/lib/village_li/li4.py -> /home/ying/ros2/chatpt2/town_ws/src/village_li/install/village_li/lib/python3.10/site-packages/village_li
[1.288s] byte-compiling /home/ying/ros2/chatpt2/town_ws/src/village_li/install/village_li/lib/python3.10/site-packages/village_li/li4.py to li4.cpython-310.pyc
[1.291s] running install_data
[1.291s] running install_egg_info
[1.293s] removing '/home/ying/ros2/chatpt2/town_ws/src/village_li/install/village_li/lib/python3.10/site-packages/village_li-0.0.0-py3.10.egg-info' (and everything under it)
[1.293s] Copying build/village_li/village_li.egg-info to /home/ying/ros2/chatpt2/town_ws/src/village_li/install/village_li/lib/python3.10/site-packages/village_li-0.0.0-py3.10.egg-info
[1.296s] running install_scripts
[1.326s] Installing li4_node script to /home/ying/ros2/chatpt2/town_ws/src/village_li/install/village_li/lib/village_li
[1.326s] writing list of installed files to '/home/ying/ros2/chatpt2/town_ws/src/village_li/build/village_li/install.log'
[1.366s] Invoked command in '/home/ying/ros2/chatpt2/town_ws/src/village_li' returned '0': PYTHONPATH=/home/ying/ros2/chatpt2/town_ws/src/village_li/build/village_li/prefix_override:/usr/lib/python3/dist-packages/colcon_core/task/python/colcon_distutils_commands:/home/ying/ros2/chatpt2/town_ws/src/village_li/install/village_li/lib/python3.10/site-packages:${PYTHONPATH} /usr/bin/python3 -W ignore:setup.py install is deprecated -W ignore:easy_install command is deprecated setup.py egg_info --egg-base build/village_li build --build-base /home/ying/ros2/chatpt2/town_ws/src/village_li/build/village_li/build install --record /home/ying/ros2/chatpt2/town_ws/src/village_li/build/village_li/install.log --single-version-externally-managed install_data
