[0.914s] Invoking command in '/home/ying/ros2/chatpt2/town_ws/src/village_li': PYTHONPATH=/home/ying/ros2/chatpt2/town_ws/src/build/village_li/prefix_override:/usr/lib/python3/dist-packages/colcon_core/task/python/colcon_distutils_commands:/home/ying/ros2/chatpt2/town_ws/src/install/village_li/lib/python3.10/site-packages:${PYTHONPATH} /usr/bin/python3 -W ignore:setup.py install is deprecated -W ignore:easy_install command is deprecated setup.py egg_info --egg-base ../build/village_li build --build-base /home/ying/ros2/chatpt2/town_ws/src/build/village_li/build install --record /home/ying/ros2/chatpt2/town_ws/src/build/village_li/install.log --single-version-externally-managed install_data
[1.215s] running egg_info
[1.216s] writing ../build/village_li/village_li.egg-info/PKG-INFO
[1.217s] writing dependency_links to ../build/village_li/village_li.egg-info/dependency_links.txt
[1.217s] writing entry points to ../build/village_li/village_li.egg-info/entry_points.txt
[1.218s] writing requirements to ../build/village_li/village_li.egg-info/requires.txt
[1.218s] writing top-level names to ../build/village_li/village_li.egg-info/top_level.txt
[1.219s] reading manifest file '../build/village_li/village_li.egg-info/SOURCES.txt'
[1.221s] writing manifest file '../build/village_li/village_li.egg-info/SOURCES.txt'
[1.221s] running build
[1.221s] running build_py
[1.221s] running install
[1.222s] running install_lib
[1.223s] running install_data
[1.223s] running install_egg_info
[1.225s] removing '/home/ying/ros2/chatpt2/town_ws/src/install/village_li/lib/python3.10/site-packages/village_li-0.0.0-py3.10.egg-info' (and everything under it)
[1.225s] Copying ../build/village_li/village_li.egg-info to /home/ying/ros2/chatpt2/town_ws/src/install/village_li/lib/python3.10/site-packages/village_li-0.0.0-py3.10.egg-info
[1.227s] running install_scripts
[1.269s] Installing li4_node script to /home/ying/ros2/chatpt2/town_ws/src/install/village_li/lib/village_li
[1.270s] writing list of installed files to '/home/ying/ros2/chatpt2/town_ws/src/build/village_li/install.log'
[1.296s] Invoked command in '/home/ying/ros2/chatpt2/town_ws/src/village_li' returned '0': PYTHONPATH=/home/ying/ros2/chatpt2/town_ws/src/build/village_li/prefix_override:/usr/lib/python3/dist-packages/colcon_core/task/python/colcon_distutils_commands:/home/ying/ros2/chatpt2/town_ws/src/install/village_li/lib/python3.10/site-packages:${PYTHONPATH} /usr/bin/python3 -W ignore:setup.py install is deprecated -W ignore:easy_install command is deprecated setup.py egg_info --egg-base ../build/village_li build --build-base /home/ying/ros2/chatpt2/town_ws/src/build/village_li/build install --record /home/ying/ros2/chatpt2/town_ws/src/build/village_li/install.log --single-version-externally-managed install_data
