[ 50%] [32mBuilding CXX object CMakeFiles/wang2_node.dir/src/wang2.cpp.o[0m
[100%] [32m[1mLinking CXX executable wang2_node[0m
[100%] Built target wang2_node
-- Install configuration: ""
-- Installing: /home/ying/ros2/chatpt2/town_ws/src/village_wang/install/village_wang/share/ament_index/resource_index/package_run_dependencies/village_wang
-- Installing: /home/ying/ros2/chatpt2/town_ws/src/village_wang/install/village_wang/share/ament_index/resource_index/parent_prefix_path/village_wang
-- Installing: /home/ying/ros2/chatpt2/town_ws/src/village_wang/install/village_wang/share/village_wang/environment/ament_prefix_path.sh
-- Installing: /home/ying/ros2/chatpt2/town_ws/src/village_wang/install/village_wang/share/village_wang/environment/ament_prefix_path.dsv
-- Installing: /home/ying/ros2/chatpt2/town_ws/src/village_wang/install/village_wang/share/village_wang/environment/path.sh
-- Installing: /home/ying/ros2/chatpt2/town_ws/src/village_wang/install/village_wang/share/village_wang/environment/path.dsv
-- Installing: /home/ying/ros2/chatpt2/town_ws/src/village_wang/install/village_wang/share/village_wang/local_setup.bash
-- Installing: /home/ying/ros2/chatpt2/town_ws/src/village_wang/install/village_wang/share/village_wang/local_setup.sh
-- Installing: /home/ying/ros2/chatpt2/town_ws/src/village_wang/install/village_wang/share/village_wang/local_setup.zsh
-- Installing: /home/ying/ros2/chatpt2/town_ws/src/village_wang/install/village_wang/share/village_wang/local_setup.dsv
-- Installing: /home/ying/ros2/chatpt2/town_ws/src/village_wang/install/village_wang/share/village_wang/package.dsv
-- Installing: /home/ying/ros2/chatpt2/town_ws/src/village_wang/install/village_wang/share/ament_index/resource_index/packages/village_wang
-- Installing: /home/ying/ros2/chatpt2/town_ws/src/village_wang/install/village_wang/share/village_wang/cmake/village_wangConfig.cmake
-- Installing: /home/ying/ros2/chatpt2/town_ws/src/village_wang/install/village_wang/share/village_wang/cmake/village_wangConfig-version.cmake
-- Installing: /home/ying/ros2/chatpt2/town_ws/src/village_wang/install/village_wang/share/village_wang/package.xml
-- Installing: /home/ying/ros2/chatpt2/town_ws/src/village_wang/install/village_wang/lib/village_wang/wang2_node
-- Set runtime path of "/home/ying/ros2/chatpt2/town_ws/src/village_wang/install/village_wang/lib/village_wang/wang2_node" to ""
